[ 2017-05-09T14:15:07+08:00 ] 127.0.0.1 /freeBicycle/index.php/Home/Xujie/login
INFO: [ app_init ] --START--
INFO: Run Behavior\BuildLiteBehavior [ RunTime:0.000000s ]
INFO: [ app_init ] --END-- [ RunTime:0.000000s ]
INFO: [ app_begin ] --START--
INFO: Run Behavior\ReadHtmlCacheBehavior [ RunTime:0.000000s ]
INFO: [ app_begin ] --END-- [ RunTime:0.000000s ]
SQL: SHOW COLUMNS FROM `tb_admin` [ RunTime:0.0000s ]
SQL: SELECT * FROM `tb_admin` WHERE ( ad_account=1001 )  [ RunTime:0.0000s ]
SQL: SHOW COLUMNS FROM `tb_admin` [ RunTime:0.0156s ]
SQL: SELECT m.* FROM tb_admin ad,tb_menus m,tb_jurisdiction j WHERE ( ad.ad_id=j.ad_id and j.me_id=m.me_id and j.ad_id=1 )  [ RunTime:0.0156s ]
INFO: [ view_parse ] --START--
INFO: [ template_filter ] --START--
INFO: Run Behavior\ContentReplaceBehavior [ RunTime:0.000000s ]
INFO: [ template_filter ] --END-- [ RunTime:0.000000s ]
INFO: Run Behavior\ParseTemplateBehavior [ RunTime:0.156000s ]
INFO: [ view_parse ] --END-- [ RunTime:0.156000s ]
INFO: [ view_filter ] --START--
INFO: Run Behavior\WriteHtmlCacheBehavior [ RunTime:0.000000s ]
INFO: [ view_filter ] --END-- [ RunTime:0.015600s ]
INFO: [ app_end ] --START--
INFO: Run Behavior\ShowPageTraceBehavior [ RunTime:0.000000s ]
INFO: [ app_end ] --END-- [ RunTime:0.000000s ]

[ 2017-05-09T14:15:16+08:00 ] 127.0.0.1 /freeBicycle/index.php/Home/BicycleListYRB/announcement
INFO: [ app_init ] --START--
INFO: Run Behavior\BuildLiteBehavior [ RunTime:0.000000s ]
INFO: [ app_init ] --END-- [ RunTime:0.000000s ]
INFO: [ app_begin ] --START--
INFO: Run Behavior\ReadHtmlCacheBehavior [ RunTime:0.000000s ]
INFO: [ app_begin ] --END-- [ RunTime:0.000000s ]
SQL: SHOW COLUMNS FROM `tb_bicycle` [ RunTime:0.0156s ]
SQL: SHOW COLUMNS FROM `tb_announcement` [ RunTime:0.0000s ]
SQL: SELECT COUNT(*) AS tp_count FROM tb_announcement an LEFT JOIN tb_terrace te on te.ter_id=an.ter_id  LIMIT 1   [ RunTime:0.0000s ]
SQL: SHOW COLUMNS FROM `tb_announcement` [ RunTime:0.0156s ]
SQL: SELECT an.*,te.ter_name as tname FROM tb_announcement an LEFT JOIN tb_terrace te on te.ter_id=an.ter_id  LIMIT 0,10   [ RunTime:0.0156s ]
NOTIC: [8] Use of undefined constant announcement - assumed 'announcement' D:\PHP-webapp\freeBicycle\Application\Home\Controller\BicycleListYRBController.class.php 第 234 行.
INFO: [ view_parse ] --START--
INFO: [ template_filter ] --START--
INFO: Run Behavior\ContentReplaceBehavior [ RunTime:0.000000s ]
INFO: [ template_filter ] --END-- [ RunTime:0.000000s ]
INFO: Run Behavior\ParseTemplateBehavior [ RunTime:0.124800s ]
INFO: [ view_parse ] --END-- [ RunTime:0.124800s ]
INFO: [ view_filter ] --START--
INFO: Run Behavior\WriteHtmlCacheBehavior [ RunTime:0.000000s ]
INFO: [ view_filter ] --END-- [ RunTime:0.000000s ]
INFO: [ app_end ] --START--
INFO: Run Behavior\ShowPageTraceBehavior [ RunTime:0.000000s ]
INFO: [ app_end ] --END-- [ RunTime:0.015600s ]

[ 2017-05-09T14:15:17+08:00 ] 127.0.0.1 /freeBicycle/index.php/Home/BicycleListYRB/activityTerrace
INFO: [ app_init ] --START--
INFO: Run Behavior\BuildLiteBehavior [ RunTime:0.000000s ]
INFO: [ app_init ] --END-- [ RunTime:0.015600s ]
INFO: [ app_begin ] --START--
INFO: Run Behavior\ReadHtmlCacheBehavior [ RunTime:0.000000s ]
INFO: [ app_begin ] --END-- [ RunTime:0.000000s ]
SQL: SHOW COLUMNS FROM `tb_bicycle` [ RunTime:0.0000s ]
SQL: SHOW COLUMNS FROM `tb_terrace` [ RunTime:0.0156s ]
SQL: SELECT * FROM `tb_terrace`  [ RunTime:0.0000s ]

[ 2017-05-09T14:33:46+08:00 ] 127.0.0.1 /freeBicycle/index.php/Home/BicycleListYRB/BicycleList
INFO: [ app_init ] --START--
INFO: Run Behavior\BuildLiteBehavior [ RunTime:0.000000s ]
INFO: [ app_init ] --END-- [ RunTime:0.000000s ]
INFO: [ app_begin ] --START--
INFO: Run Behavior\ReadHtmlCacheBehavior [ RunTime:0.000000s ]
INFO: [ app_begin ] --END-- [ RunTime:0.000000s ]
SQL: SHOW COLUMNS FROM `tb_bicycle` [ RunTime:0.0000s ]
SQL: SELECT COUNT(*) AS tp_count FROM `tb_bicycle` LIMIT 1   [ RunTime:0.0000s ]
SQL: SHOW COLUMNS FROM `tb_bicycle` [ RunTime:0.0000s ]
SQL: SELECT b.bi_id as id,b.bi_no as no,b.bi_model as model,b.bi_putTime as time,b.bi_NumOfUse as num,b.bi_journey as journey,bs.bs_name as name,r.re_begin as begin,r.re_end as end,u.u_account as account,b.bi_useState as state,b.bi_scrap as scrap FROM tb_bicycle b LEFT JOIN tb_bicycle_state bs on b.bs_id=bs.bs_id LEFT JOIN tb_rent r on b.re_id=r.re_id LEFT JOIN tb_user u on r.u_id=u.u_id  LIMIT 0,10   [ RunTime:0.0000s ]
NOTIC: [8] Use of undefined constant bicycleList - assumed 'bicycleList' D:\PHP-webapp\freeBicycle\Application\Home\Controller\BicycleListYRBController.class.php 第 34 行.
INFO: [ view_parse ] --START--
INFO: [ template_filter ] --START--
INFO: Run Behavior\ContentReplaceBehavior [ RunTime:0.000000s ]
INFO: [ template_filter ] --END-- [ RunTime:0.000000s ]
NOTIC: [8] Undefined index: suser D:\PHP-webapp\freeBicycle\Application\Runtime\Cache\Home\d8c0b05baf464cffd82c24b450c19f81.php 第 146 行.
NOTIC: [8] Undefined index: sno D:\PHP-webapp\freeBicycle\Application\Runtime\Cache\Home\d8c0b05baf464cffd82c24b450c19f81.php 第 147 行.
NOTIC: [8] Undefined index: smodel D:\PHP-webapp\freeBicycle\Application\Runtime\Cache\Home\d8c0b05baf464cffd82c24b450c19f81.php 第 148 行.
NOTIC: [8] Undefined index: sstate D:\PHP-webapp\freeBicycle\Application\Runtime\Cache\Home\d8c0b05baf464cffd82c24b450c19f81.php 第 149 行.
INFO: Run Behavior\ParseTemplateBehavior [ RunTime:0.140401s ]
INFO: [ view_parse ] --END-- [ RunTime:0.140401s ]
INFO: [ view_filter ] --START--
INFO: Run Behavior\WriteHtmlCacheBehavior [ RunTime:0.000000s ]
INFO: [ view_filter ] --END-- [ RunTime:0.000000s ]
INFO: [ app_end ] --START--
INFO: Run Behavior\ShowPageTraceBehavior [ RunTime:0.000000s ]
INFO: [ app_end ] --END-- [ RunTime:0.000000s ]

[ 2017-05-09T14:45:15+08:00 ] 127.0.0.1 /freeBicycle/index.php/Home/BicycleListYRB/activity
INFO: [ app_init ] --START--
INFO: Run Behavior\BuildLiteBehavior [ RunTime:0.015600s ]
INFO: [ app_init ] --END-- [ RunTime:0.015600s ]
INFO: [ app_begin ] --START--
INFO: Run Behavior\ReadHtmlCacheBehavior [ RunTime:0.000000s ]
INFO: [ app_begin ] --END-- [ RunTime:0.015600s ]
SQL: SHOW COLUMNS FROM `tb_bicycle` [ RunTime:0.0000s ]
SQL: SHOW COLUMNS FROM `tb_activity` [ RunTime:0.0156s ]
SQL: SELECT COUNT(*) AS tp_count FROM tb_activity ac LEFT JOIN tb_terrace te on te.ter_id=ac.ter_id  LIMIT 1   [ RunTime:0.0000s ]
SQL: SHOW COLUMNS FROM `tb_activity` [ RunTime:0.0000s ]
SQL: SELECT ac.*,te.ter_name as tname FROM tb_activity ac LEFT JOIN tb_terrace te on te.ter_id=ac.ter_id  LIMIT 0,10   [ RunTime:0.0000s ]
NOTIC: [8] Use of undefined constant activity - assumed 'activity' D:\PHP-webapp\freeBicycle\Application\Home\Controller\BicycleListYRBController.class.php 第 136 行.
INFO: [ view_parse ] --START--
INFO: [ template_filter ] --START--
INFO: Run Behavior\ContentReplaceBehavior [ RunTime:0.000000s ]
INFO: [ template_filter ] --END-- [ RunTime:0.000000s ]
INFO: Run Behavior\ParseTemplateBehavior [ RunTime:0.156000s ]
INFO: [ view_parse ] --END-- [ RunTime:0.156000s ]
INFO: [ view_filter ] --START--
INFO: Run Behavior\WriteHtmlCacheBehavior [ RunTime:0.000000s ]
INFO: [ view_filter ] --END-- [ RunTime:0.000000s ]
INFO: [ app_end ] --START--
INFO: Run Behavior\ShowPageTraceBehavior [ RunTime:0.000000s ]
INFO: [ app_end ] --END-- [ RunTime:0.015600s ]

[ 2017-05-09T14:45:16+08:00 ] 127.0.0.1 /freeBicycle/index.php/Home/BicycleListYRB/activityTerrace
INFO: [ app_init ] --START--
INFO: Run Behavior\BuildLiteBehavior [ RunTime:0.000000s ]
INFO: [ app_init ] --END-- [ RunTime:0.000000s ]
INFO: [ app_begin ] --START--
INFO: Run Behavior\ReadHtmlCacheBehavior [ RunTime:0.015600s ]
INFO: [ app_begin ] --END-- [ RunTime:0.015600s ]
SQL: SHOW COLUMNS FROM `tb_bicycle` [ RunTime:0.0000s ]
SQL: SHOW COLUMNS FROM `tb_terrace` [ RunTime:0.0000s ]
SQL: SELECT * FROM `tb_terrace`  [ RunTime:0.0000s ]

[ 2017-05-09T14:45:22+08:00 ] 127.0.0.1 /freeBicycle/index.php/Home/BicycleListYRB/activity
INFO: [ app_init ] --START--
INFO: Run Behavior\BuildLiteBehavior [ RunTime:0.015600s ]
INFO: [ app_init ] --END-- [ RunTime:0.015600s ]
INFO: [ app_begin ] --START--
INFO: Run Behavior\ReadHtmlCacheBehavior [ RunTime:0.000000s ]
INFO: [ app_begin ] --END-- [ RunTime:0.015600s ]
SQL: SHOW COLUMNS FROM `tb_bicycle` [ RunTime:0.0000s ]
SQL: SHOW COLUMNS FROM `tb_activity` [ RunTime:0.0156s ]
SQL: SELECT COUNT(*) AS tp_count FROM tb_activity ac LEFT JOIN tb_terrace te on te.ter_id=ac.ter_id  WHERE `ac_name` LIKE '%预告%' LIMIT 1   [ RunTime:0.0000s ]
SQL: SHOW COLUMNS FROM `tb_activity` [ RunTime:0.0000s ]
SQL: SELECT ac.*,te.ter_name as tname FROM tb_activity ac LEFT JOIN tb_terrace te on te.ter_id=ac.ter_id  WHERE `ac_name` LIKE '%预告%' LIMIT 0,10   [ RunTime:0.0000s ]
NOTIC: [8] Use of undefined constant activity - assumed 'activity' D:\PHP-webapp\freeBicycle\Application\Home\Controller\BicycleListYRBController.class.php 第 136 行.
INFO: [ view_parse ] --START--
INFO: [ template_filter ] --START--
INFO: Run Behavior\ContentReplaceBehavior [ RunTime:0.000000s ]
INFO: [ template_filter ] --END-- [ RunTime:0.000000s ]
INFO: Run Behavior\ParseTemplateBehavior [ RunTime:0.109200s ]
INFO: [ view_parse ] --END-- [ RunTime:0.109200s ]
INFO: [ view_filter ] --START--
INFO: Run Behavior\WriteHtmlCacheBehavior [ RunTime:0.015600s ]
INFO: [ view_filter ] --END-- [ RunTime:0.015600s ]
INFO: [ app_end ] --START--
INFO: Run Behavior\ShowPageTraceBehavior [ RunTime:0.000000s ]
INFO: [ app_end ] --END-- [ RunTime:0.015600s ]

[ 2017-05-09T14:45:23+08:00 ] 127.0.0.1 /freeBicycle/index.php/Home/BicycleListYRB/activityTerrace
INFO: [ app_init ] --START--
INFO: Run Behavior\BuildLiteBehavior [ RunTime:0.000000s ]
INFO: [ app_init ] --END-- [ RunTime:0.015600s ]
INFO: [ app_begin ] --START--
INFO: Run Behavior\ReadHtmlCacheBehavior [ RunTime:0.000000s ]
INFO: [ app_begin ] --END-- [ RunTime:0.000000s ]
SQL: SHOW COLUMNS FROM `tb_bicycle` [ RunTime:0.0156s ]
SQL: SHOW COLUMNS FROM `tb_terrace` [ RunTime:0.0000s ]
SQL: SELECT * FROM `tb_terrace`  [ RunTime:0.0000s ]

[ 2017-05-09T14:45:27+08:00 ] 127.0.0.1 /freeBicycle/index.php/Home/BicycleListYRB/activity
INFO: [ app_init ] --START--
INFO: Run Behavior\BuildLiteBehavior [ RunTime:0.000000s ]
INFO: [ app_init ] --END-- [ RunTime:0.000000s ]
INFO: [ app_begin ] --START--
INFO: Run Behavior\ReadHtmlCacheBehavior [ RunTime:0.000000s ]
INFO: [ app_begin ] --END-- [ RunTime:0.015600s ]
SQL: SHOW COLUMNS FROM `tb_bicycle` [ RunTime:0.0000s ]
SQL: SHOW COLUMNS FROM `tb_activity` [ RunTime:0.0156s ]
SQL: SELECT COUNT(*) AS tp_count FROM tb_activity ac LEFT JOIN tb_terrace te on te.ter_id=ac.ter_id  LIMIT 1   [ RunTime:0.0000s ]
SQL: SHOW COLUMNS FROM `tb_activity` [ RunTime:0.0000s ]
SQL: SELECT ac.*,te.ter_name as tname FROM tb_activity ac LEFT JOIN tb_terrace te on te.ter_id=ac.ter_id  LIMIT 0,10   [ RunTime:0.0000s ]
NOTIC: [8] Use of undefined constant activity - assumed 'activity' D:\PHP-webapp\freeBicycle\Application\Home\Controller\BicycleListYRBController.class.php 第 136 行.
INFO: [ view_parse ] --START--
INFO: [ template_filter ] --START--
INFO: Run Behavior\ContentReplaceBehavior [ RunTime:0.000000s ]
INFO: [ template_filter ] --END-- [ RunTime:0.000000s ]
INFO: Run Behavior\ParseTemplateBehavior [ RunTime:0.124800s ]
INFO: [ view_parse ] --END-- [ RunTime:0.124800s ]
INFO: [ view_filter ] --START--
INFO: Run Behavior\WriteHtmlCacheBehavior [ RunTime:0.000000s ]
INFO: [ view_filter ] --END-- [ RunTime:0.000000s ]
INFO: [ app_end ] --START--
INFO: Run Behavior\ShowPageTraceBehavior [ RunTime:0.000000s ]
INFO: [ app_end ] --END-- [ RunTime:0.015600s ]

[ 2017-05-09T14:45:27+08:00 ] 127.0.0.1 /freeBicycle/index.php/Home/BicycleListYRB/activityTerrace
INFO: [ app_init ] --START--
INFO: Run Behavior\BuildLiteBehavior [ RunTime:0.000000s ]
INFO: [ app_init ] --END-- [ RunTime:0.015600s ]
INFO: [ app_begin ] --START--
INFO: Run Behavior\ReadHtmlCacheBehavior [ RunTime:0.015600s ]
INFO: [ app_begin ] --END-- [ RunTime:0.015600s ]
SQL: SHOW COLUMNS FROM `tb_bicycle` [ RunTime:0.0000s ]
SQL: SHOW COLUMNS FROM `tb_terrace` [ RunTime:0.0000s ]
SQL: SELECT * FROM `tb_terrace`  [ RunTime:0.0000s ]

