[ 2017-05-04T15:49:04+08:00 ] 127.0.0.1 /freeBicycle/index.php
INFO: [ app_init ] --START--
INFO: Run Behavior\BuildLiteBehavior [ RunTime:0.000000s ]
INFO: [ app_init ] --END-- [ RunTime:0.004000s ]
INFO: [ app_begin ] --START--
INFO: Run Behavior\ReadHtmlCacheBehavior [ RunTime:0.002000s ]
INFO: [ app_begin ] --END-- [ RunTime:0.004000s ]
ERR: 非法操作:Login
NOTIC: [2] Cannot modify header information - headers already sent by (output started at D:\PHP-webapp\freeBicycle\ThinkPHP\Library\Think\App.class.php:124) D:\PHP-webapp\freeBicycle\ThinkPHP\Library\Think\Think.class.php 第 229 行.
NOTIC: [2] Cannot modify header information - headers already sent by (output started at D:\PHP-webapp\freeBicycle\ThinkPHP\Library\Think\App.class.php:124) D:\PHP-webapp\freeBicycle\ThinkPHP\Library\Think\Think.class.php 第 230 行.

[ 2017-05-04T15:53:54+08:00 ] 127.0.0.1 /freeBicycle/index.php?m=Home&c=Xujie&a=login
INFO: [ app_init ] --START--
INFO: Run Behavior\BuildLiteBehavior [ RunTime:0.000000s ]
INFO: [ app_init ] --END-- [ RunTime:0.005000s ]
INFO: [ app_begin ] --START--
INFO: Run Behavior\ReadHtmlCacheBehavior [ RunTime:0.001000s ]
INFO: [ app_begin ] --END-- [ RunTime:0.003000s ]
SQL: SHOW COLUMNS FROM `tb_admin` [ RunTime:0.0080s ]

[ 2017-05-04T15:54:58+08:00 ] 127.0.0.1 /freeBicycle/index.php/Home/Xujie/login
INFO: [ app_init ] --START--
INFO: Run Behavior\BuildLiteBehavior [ RunTime:0.000000s ]
INFO: [ app_init ] --END-- [ RunTime:0.001000s ]
INFO: [ app_begin ] --START--
INFO: Run Behavior\ReadHtmlCacheBehavior [ RunTime:0.002001s ]
INFO: [ app_begin ] --END-- [ RunTime:0.002001s ]
SQL: SHOW COLUMNS FROM `tb_admin` [ RunTime:0.0060s ]
ERR: 参数错误或者未定义:ID

[ 2017-05-04T15:56:12+08:00 ] 127.0.0.1 /freeBicycle/index.php?m=Home&c=Xujie&a=login
INFO: [ app_init ] --START--
INFO: Run Behavior\BuildLiteBehavior [ RunTime:0.001000s ]
INFO: [ app_init ] --END-- [ RunTime:0.002000s ]
INFO: [ app_begin ] --START--
INFO: Run Behavior\ReadHtmlCacheBehavior [ RunTime:0.002000s ]
INFO: [ app_begin ] --END-- [ RunTime:0.003000s ]
SQL: SHOW COLUMNS FROM `tb_admin` [ RunTime:0.0050s ]

[ 2017-05-04T15:58:31+08:00 ] 127.0.0.1 /freeBicycle/index.php?m=Home&c=Xujie&a=login
INFO: [ app_init ] --START--
INFO: Run Behavior\BuildLiteBehavior [ RunTime:0.001000s ]
INFO: [ app_init ] --END-- [ RunTime:0.003000s ]
INFO: [ app_begin ] --START--
INFO: Run Behavior\ReadHtmlCacheBehavior [ RunTime:0.001000s ]
INFO: [ app_begin ] --END-- [ RunTime:0.003001s ]
SQL: SHOW COLUMNS FROM `tb_admin` [ RunTime:0.0060s ]

[ 2017-05-04T15:58:34+08:00 ] 127.0.0.1 /freeBicycle/index.php?m=Home&c=Xujie&a=login
INFO: [ app_init ] --START--
INFO: Run Behavior\BuildLiteBehavior [ RunTime:0.000000s ]
INFO: [ app_init ] --END-- [ RunTime:0.002000s ]
INFO: [ app_begin ] --START--
INFO: Run Behavior\ReadHtmlCacheBehavior [ RunTime:0.003000s ]
INFO: [ app_begin ] --END-- [ RunTime:0.004001s ]
SQL: SHOW COLUMNS FROM `tb_admin` [ RunTime:0.0060s ]

[ 2017-05-04T15:59:02+08:00 ] 127.0.0.1 /freeBicycle/index.php?m=Home&c=Xujie&a=login
INFO: [ app_init ] --START--
INFO: Run Behavior\BuildLiteBehavior [ RunTime:0.001000s ]
INFO: [ app_init ] --END-- [ RunTime:0.001000s ]
INFO: [ app_begin ] --START--
INFO: Run Behavior\ReadHtmlCacheBehavior [ RunTime:0.001000s ]
INFO: [ app_begin ] --END-- [ RunTime:0.002000s ]
SQL: SHOW COLUMNS FROM `tb_admin` [ RunTime:0.0050s ]
INFO: [ app_end ] --START--
INFO: Run Behavior\ShowPageTraceBehavior [ RunTime:0.002000s ]
INFO: [ app_end ] --END-- [ RunTime:0.003000s ]

[ 2017-05-04T15:59:49+08:00 ] 127.0.0.1 /freeBicycle/index.php?m=Home&c=Xujie&a=login
INFO: [ app_init ] --START--
INFO: Run Behavior\BuildLiteBehavior [ RunTime:0.001000s ]
INFO: [ app_init ] --END-- [ RunTime:0.002000s ]
INFO: [ app_begin ] --START--
INFO: Run Behavior\ReadHtmlCacheBehavior [ RunTime:0.001000s ]
INFO: [ app_begin ] --END-- [ RunTime:0.002000s ]
SQL: SHOW COLUMNS FROM `tb_admin` [ RunTime:0.0050s ]
INFO: [ app_end ] --START--
INFO: Run Behavior\ShowPageTraceBehavior [ RunTime:0.001000s ]
INFO: [ app_end ] --END-- [ RunTime:0.002000s ]

[ 2017-05-04T16:00:25+08:00 ] 127.0.0.1 /freeBicycle/index.php?m=Home&c=Xujie&a=login
INFO: [ app_init ] --START--
INFO: Run Behavior\BuildLiteBehavior [ RunTime:0.000000s ]
INFO: [ app_init ] --END-- [ RunTime:0.002000s ]
INFO: [ app_begin ] --START--
INFO: Run Behavior\ReadHtmlCacheBehavior [ RunTime:0.001000s ]
INFO: [ app_begin ] --END-- [ RunTime:0.002000s ]
SQL: SHOW COLUMNS FROM `tb_admin` [ RunTime:0.0050s ]

[ 2017-05-04T16:03:07+08:00 ] 127.0.0.1 /freeBicycle/index.php?m=Home&c=Xujie&a=login
INFO: [ app_init ] --START--
INFO: Run Behavior\BuildLiteBehavior [ RunTime:0.000000s ]
INFO: [ app_init ] --END-- [ RunTime:0.002000s ]
INFO: [ app_begin ] --START--
INFO: Run Behavior\ReadHtmlCacheBehavior [ RunTime:0.001000s ]
INFO: [ app_begin ] --END-- [ RunTime:0.002000s ]
SQL: SHOW COLUMNS FROM `tb_admin` [ RunTime:0.0060s ]
INFO: [ app_end ] --START--
INFO: Run Behavior\ShowPageTraceBehavior [ RunTime:0.001000s ]
INFO: [ app_end ] --END-- [ RunTime:0.003000s ]

[ 2017-05-04T16:03:35+08:00 ] 127.0.0.1 /freeBicycle/index.php?m=Home&c=Xujie&a=login
INFO: [ app_init ] --START--
INFO: Run Behavior\BuildLiteBehavior [ RunTime:0.000000s ]
INFO: [ app_init ] --END-- [ RunTime:0.001000s ]
INFO: [ app_begin ] --START--
INFO: Run Behavior\ReadHtmlCacheBehavior [ RunTime:0.002000s ]
INFO: [ app_begin ] --END-- [ RunTime:0.003000s ]
SQL: SHOW COLUMNS FROM `tb_admin` [ RunTime:0.0050s ]
ERR: 1054:Unknown column 'ID' in 'where clause'
 [ SQL语句 ] : SELECT * FROM `tb_admin` WHERE ( ID=1 ) LIMIT 1  
ERR: 1054:Unknown column 'ID' in 'where clause'
 [ SQL语句 ] : SELECT * FROM `tb_admin` WHERE ( ID=1 ) LIMIT 1  
NOTIC: [2] Cannot modify header information - headers already sent by (output started at D:\PHP-webapp\freeBicycle\ThinkPHP\Library\Think\Db\Driver.class.php:170) D:\PHP-webapp\freeBicycle\ThinkPHP\Library\Think\Think.class.php 第 229 行.
NOTIC: [2] Cannot modify header information - headers already sent by (output started at D:\PHP-webapp\freeBicycle\ThinkPHP\Library\Think\Db\Driver.class.php:170) D:\PHP-webapp\freeBicycle\ThinkPHP\Library\Think\Think.class.php 第 230 行.

[ 2017-05-04T16:03:59+08:00 ] 127.0.0.1 /freeBicycle/index.php?m=Home&c=Xujie&a=login
INFO: [ app_init ] --START--
INFO: Run Behavior\BuildLiteBehavior [ RunTime:0.001000s ]
INFO: [ app_init ] --END-- [ RunTime:0.004001s ]
INFO: [ app_begin ] --START--
INFO: Run Behavior\ReadHtmlCacheBehavior [ RunTime:0.002000s ]
INFO: [ app_begin ] --END-- [ RunTime:0.003000s ]
SQL: SHOW COLUMNS FROM `tb_admin` [ RunTime:0.0050s ]
SQL: SELECT * FROM `tb_admin` WHERE `ad_id` = 1 LIMIT 1   [ RunTime:0.0020s ]
INFO: [ app_end ] --START--
INFO: Run Behavior\ShowPageTraceBehavior [ RunTime:0.002000s ]
INFO: [ app_end ] --END-- [ RunTime:0.003000s ]

[ 2017-05-04T16:04:23+08:00 ] 127.0.0.1 /freeBicycle/index.php?m=Home&c=Xujie&a=login
INFO: [ app_init ] --START--
INFO: Run Behavior\BuildLiteBehavior [ RunTime:0.000000s ]
INFO: [ app_init ] --END-- [ RunTime:0.004001s ]
INFO: [ app_begin ] --START--
INFO: Run Behavior\ReadHtmlCacheBehavior [ RunTime:0.001000s ]
INFO: [ app_begin ] --END-- [ RunTime:0.003000s ]
SQL: SHOW COLUMNS FROM `tb_admin` [ RunTime:0.0060s ]
SQL: SELECT * FROM `tb_admin` WHERE `ad_id` = 1 LIMIT 1   [ RunTime:0.0010s ]
NOTIC: [8] Undefined index: password D:\PHP-webapp\freeBicycle\Application\Home\Controller\XujieController.class.php 第 17 行.

[ 2017-05-04T16:31:56+08:00 ] 127.0.0.1 /freeBicycle/index.php?m=Home&c=Xujie&a=login
INFO: [ app_init ] --START--
INFO: Run Behavior\BuildLiteBehavior [ RunTime:0.000000s ]
INFO: [ app_init ] --END-- [ RunTime:0.003000s ]
INFO: [ app_begin ] --START--
INFO: Run Behavior\ReadHtmlCacheBehavior [ RunTime:0.001000s ]
INFO: [ app_begin ] --END-- [ RunTime:0.003000s ]
SQL: SHOW COLUMNS FROM `tb_admin` [ RunTime:0.0060s ]
ERR: 参数错误或者未定义:ad_account

[ 2017-05-04T16:33:10+08:00 ] 127.0.0.1 /freeBicycle/index.php?m=Home&c=Xujie&a=login
INFO: [ app_init ] --START--
INFO: Run Behavior\BuildLiteBehavior [ RunTime:0.001001s ]
INFO: [ app_init ] --END-- [ RunTime:0.005001s ]
INFO: [ app_begin ] --START--
INFO: Run Behavior\ReadHtmlCacheBehavior [ RunTime:0.001000s ]
INFO: [ app_begin ] --END-- [ RunTime:0.002000s ]
SQL: SHOW COLUMNS FROM `tb_admin` [ RunTime:0.0050s ]
ERR: 参数错误或者未定义:ad_account

[ 2017-05-04T16:33:12+08:00 ] 127.0.0.1 /freeBicycle/index.php?m=Home&c=Xujie&a=login
INFO: [ app_init ] --START--
INFO: Run Behavior\BuildLiteBehavior [ RunTime:0.000000s ]
INFO: [ app_init ] --END-- [ RunTime:0.003000s ]
INFO: [ app_begin ] --START--
INFO: Run Behavior\ReadHtmlCacheBehavior [ RunTime:0.001000s ]
INFO: [ app_begin ] --END-- [ RunTime:0.002000s ]
SQL: SHOW COLUMNS FROM `tb_admin` [ RunTime:0.0050s ]
ERR: 参数错误或者未定义:ad_account

[ 2017-05-04T16:34:46+08:00 ] 127.0.0.1 /freeBicycle/index.php?m=Home&c=Xujie&a=login
INFO: [ app_init ] --START--
INFO: Run Behavior\BuildLiteBehavior [ RunTime:0.000000s ]
INFO: [ app_init ] --END-- [ RunTime:0.002000s ]
INFO: [ app_begin ] --START--
INFO: Run Behavior\ReadHtmlCacheBehavior [ RunTime:0.002000s ]
INFO: [ app_begin ] --END-- [ RunTime:0.002000s ]
SQL: SHOW COLUMNS FROM `tb_admin` [ RunTime:0.0050s ]
ERR: 参数错误或者未定义:ad_account

[ 2017-05-04T16:36:01+08:00 ] 127.0.0.1 /freeBicycle/index.php?m=Home&c=Xujie&a=login
INFO: [ app_init ] --START--
INFO: Run Behavior\BuildLiteBehavior [ RunTime:0.000000s ]
INFO: [ app_init ] --END-- [ RunTime:0.002000s ]
INFO: [ app_begin ] --START--
INFO: Run Behavior\ReadHtmlCacheBehavior [ RunTime:0.001000s ]
INFO: [ app_begin ] --END-- [ RunTime:0.003000s ]
SQL: SHOW COLUMNS FROM `tb_admin` [ RunTime:0.0060s ]
ERR: 参数错误或者未定义:ad_account

[ 2017-05-04T16:36:11+08:00 ] 127.0.0.1 /freeBicycle/index.php?m=Home&c=Xujie&a=login
INFO: [ app_init ] --START--
INFO: Run Behavior\BuildLiteBehavior [ RunTime:0.001000s ]
INFO: [ app_init ] --END-- [ RunTime:0.002000s ]
INFO: [ app_begin ] --START--
INFO: Run Behavior\ReadHtmlCacheBehavior [ RunTime:0.002001s ]
INFO: [ app_begin ] --END-- [ RunTime:0.003001s ]
SQL: SHOW COLUMNS FROM `tb_admin` [ RunTime:0.0050s ]
SQL: SELECT * FROM `tb_admin` WHERE `ad_id` = 1001 LIMIT 1   [ RunTime:0.0020s ]

[ 2017-05-04T16:36:52+08:00 ] 127.0.0.1 /freeBicycle/index.php?m=Home&c=Xujie&a=login
INFO: [ app_init ] --START--
INFO: Run Behavior\BuildLiteBehavior [ RunTime:0.000000s ]
INFO: [ app_init ] --END-- [ RunTime:0.001001s ]
INFO: [ app_begin ] --START--
INFO: Run Behavior\ReadHtmlCacheBehavior [ RunTime:0.001000s ]
INFO: [ app_begin ] --END-- [ RunTime:0.003000s ]
SQL: SHOW COLUMNS FROM `tb_admin` [ RunTime:0.0050s ]
SQL: SELECT * FROM `tb_admin` WHERE `ad_id` = 1001 LIMIT 1   [ RunTime:0.0020s ]

[ 2017-05-04T16:37:50+08:00 ] 127.0.0.1 /freeBicycle/index.php?m=Home&c=Xujie&a=login
INFO: [ app_init ] --START--
INFO: Run Behavior\BuildLiteBehavior [ RunTime:0.000000s ]
INFO: [ app_init ] --END-- [ RunTime:0.001000s ]
INFO: [ app_begin ] --START--
INFO: Run Behavior\ReadHtmlCacheBehavior [ RunTime:0.001000s ]
INFO: [ app_begin ] --END-- [ RunTime:0.003000s ]
SQL: SHOW COLUMNS FROM `tb_admin` [ RunTime:0.0020s ]
SQL: SELECT * FROM `tb_admin` WHERE `ad_id` = 1001 LIMIT 1   [ RunTime:0.0020s ]

[ 2017-05-04T16:39:02+08:00 ] 127.0.0.1 /freeBicycle/index.php?m=Home&c=Xujie&a=login
INFO: [ app_init ] --START--
INFO: Run Behavior\BuildLiteBehavior [ RunTime:0.000000s ]
INFO: [ app_init ] --END-- [ RunTime:0.005000s ]
INFO: [ app_begin ] --START--
INFO: Run Behavior\ReadHtmlCacheBehavior [ RunTime:0.002000s ]
INFO: [ app_begin ] --END-- [ RunTime:0.002000s ]
SQL: SHOW COLUMNS FROM `tb_admin` [ RunTime:0.0050s ]
SQL: SELECT * FROM `tb_admin` WHERE `ad_id` = 1001 LIMIT 1   [ RunTime:0.0010s ]

[ 2017-05-04T16:41:28+08:00 ] 127.0.0.1 /freeBicycle/index.php?m=Home&c=Xujie&a=login
INFO: [ app_init ] --START--
INFO: Run Behavior\BuildLiteBehavior [ RunTime:0.000000s ]
INFO: [ app_init ] --END-- [ RunTime:0.001000s ]
INFO: [ app_begin ] --START--
INFO: Run Behavior\ReadHtmlCacheBehavior [ RunTime:0.001000s ]
INFO: [ app_begin ] --END-- [ RunTime:0.003000s ]
SQL: SHOW COLUMNS FROM `tb_admin` [ RunTime:0.0050s ]
SQL: SELECT * FROM `tb_admin` WHERE `ad_id` = 1001 LIMIT 1   [ RunTime:0.0020s ]

[ 2017-05-04T16:44:03+08:00 ] 127.0.0.1 /freeBicycle/index.php?m=Home&c=Xujie&a=login
INFO: [ app_init ] --START--
INFO: Run Behavior\BuildLiteBehavior [ RunTime:0.001001s ]
INFO: [ app_init ] --END-- [ RunTime:0.002001s ]
INFO: [ app_begin ] --START--
INFO: Run Behavior\ReadHtmlCacheBehavior [ RunTime:0.001000s ]
INFO: [ app_begin ] --END-- [ RunTime:0.002000s ]
SQL: SHOW COLUMNS FROM `tb_admin` [ RunTime:0.0050s ]
SQL: SELECT * FROM `tb_admin` WHERE `ad_id` = 1001 LIMIT 1   [ RunTime:0.0020s ]

[ 2017-05-04T16:44:30+08:00 ] 127.0.0.1 /freeBicycle/index.php?m=Home&c=Xujie&a=login
INFO: [ app_init ] --START--
INFO: Run Behavior\BuildLiteBehavior [ RunTime:0.000000s ]
INFO: [ app_init ] --END-- [ RunTime:0.002000s ]
INFO: [ app_begin ] --START--
INFO: Run Behavior\ReadHtmlCacheBehavior [ RunTime:0.001000s ]
INFO: [ app_begin ] --END-- [ RunTime:0.002000s ]
SQL: SHOW COLUMNS FROM `tb_admin` [ RunTime:0.0050s ]
SQL: SELECT * FROM `tb_admin` WHERE `ad_id` = 1001 LIMIT 1   [ RunTime:0.0010s ]
INFO: [ app_end ] --START--
INFO: Run Behavior\ShowPageTraceBehavior [ RunTime:0.001000s ]
INFO: [ app_end ] --END-- [ RunTime:0.003000s ]

[ 2017-05-04T16:45:08+08:00 ] 127.0.0.1 /freeBicycle/index.php?m=Home&c=Xujie&a=login
INFO: [ app_init ] --START--
INFO: Run Behavior\BuildLiteBehavior [ RunTime:0.000000s ]
INFO: [ app_init ] --END-- [ RunTime:0.002000s ]
INFO: [ app_begin ] --START--
INFO: Run Behavior\ReadHtmlCacheBehavior [ RunTime:0.001000s ]
INFO: [ app_begin ] --END-- [ RunTime:0.003000s ]
SQL: SHOW COLUMNS FROM `tb_admin` [ RunTime:0.0050s ]
SQL: SELECT * FROM `tb_admin` WHERE `ad_id` = 1001 LIMIT 1   [ RunTime:0.0020s ]
INFO: [ app_end ] --START--
INFO: Run Behavior\ShowPageTraceBehavior [ RunTime:0.002000s ]
INFO: [ app_end ] --END-- [ RunTime:0.003000s ]

[ 2017-05-04T16:45:47+08:00 ] 127.0.0.1 /freeBicycle/index.php?m=Home&c=Xujie&a=login
INFO: [ app_init ] --START--
INFO: Run Behavior\BuildLiteBehavior [ RunTime:0.000000s ]
INFO: [ app_init ] --END-- [ RunTime:0.007000s ]
INFO: [ app_begin ] --START--
INFO: Run Behavior\ReadHtmlCacheBehavior [ RunTime:0.001000s ]
INFO: [ app_begin ] --END-- [ RunTime:0.002000s ]
SQL: SHOW COLUMNS FROM `tb_admin` [ RunTime:0.0050s ]
SQL: SELECT * FROM `tb_admin` WHERE `ad_id` = 1001 LIMIT 1   [ RunTime:0.0010s ]
INFO: [ app_end ] --START--
INFO: Run Behavior\ShowPageTraceBehavior [ RunTime:0.002000s ]
INFO: [ app_end ] --END-- [ RunTime:0.004000s ]

[ 2017-05-04T16:46:19+08:00 ] 127.0.0.1 /freeBicycle/index.php?m=Home&c=Xujie&a=login
INFO: [ app_init ] --START--
INFO: Run Behavior\BuildLiteBehavior [ RunTime:0.000000s ]
INFO: [ app_init ] --END-- [ RunTime:0.002000s ]
INFO: [ app_begin ] --START--
INFO: Run Behavior\ReadHtmlCacheBehavior [ RunTime:0.001000s ]
INFO: [ app_begin ] --END-- [ RunTime:0.003000s ]
SQL: SHOW COLUMNS FROM `tb_admin` [ RunTime:0.0050s ]
SQL: SELECT * FROM `tb_admin` WHERE `ad_id` = 1001 LIMIT 1   [ RunTime:0.0010s ]
INFO: [ app_end ] --START--
INFO: Run Behavior\ShowPageTraceBehavior [ RunTime:0.001000s ]
INFO: [ app_end ] --END-- [ RunTime:0.003000s ]

[ 2017-05-04T16:46:22+08:00 ] 127.0.0.1 /freeBicycle/index.php?m=Home&c=Xujie&a=login
INFO: [ app_init ] --START--
INFO: Run Behavior\BuildLiteBehavior [ RunTime:0.001000s ]
INFO: [ app_init ] --END-- [ RunTime:0.002000s ]
INFO: [ app_begin ] --START--
INFO: Run Behavior\ReadHtmlCacheBehavior [ RunTime:0.001000s ]
INFO: [ app_begin ] --END-- [ RunTime:0.003000s ]
SQL: SHOW COLUMNS FROM `tb_admin` [ RunTime:0.0040s ]
SQL: SELECT * FROM `tb_admin` WHERE `ad_id` = 1001 LIMIT 1   [ RunTime:0.0010s ]
INFO: [ app_end ] --START--
INFO: Run Behavior\ShowPageTraceBehavior [ RunTime:0.001000s ]
INFO: [ app_end ] --END-- [ RunTime:0.002000s ]

[ 2017-05-04T16:46:55+08:00 ] 127.0.0.1 /freeBicycle/index.php?m=Home&c=Xujie&a=login
INFO: [ app_init ] --START--
INFO: Run Behavior\BuildLiteBehavior [ RunTime:0.001000s ]
INFO: [ app_init ] --END-- [ RunTime:0.001000s ]
INFO: [ app_begin ] --START--
INFO: Run Behavior\ReadHtmlCacheBehavior [ RunTime:0.002000s ]
INFO: [ app_begin ] --END-- [ RunTime:0.002000s ]
SQL: SHOW COLUMNS FROM `tb_admin` [ RunTime:0.0050s ]
SQL: SELECT * FROM `tb_admin` WHERE `ad_id` = 1001 LIMIT 1   [ RunTime:0.0010s ]
INFO: [ app_end ] --START--
INFO: Run Behavior\ShowPageTraceBehavior [ RunTime:0.002000s ]
INFO: [ app_end ] --END-- [ RunTime:0.004001s ]

[ 2017-05-04T16:46:58+08:00 ] 127.0.0.1 /freeBicycle/index.php?m=Home&c=Xujie&a=login
INFO: [ app_init ] --START--
INFO: Run Behavior\BuildLiteBehavior [ RunTime:0.001000s ]
INFO: [ app_init ] --END-- [ RunTime:0.002001s ]
INFO: [ app_begin ] --START--
INFO: Run Behavior\ReadHtmlCacheBehavior [ RunTime:0.001000s ]
INFO: [ app_begin ] --END-- [ RunTime:0.002000s ]
SQL: SHOW COLUMNS FROM `tb_admin` [ RunTime:0.0050s ]
SQL: SELECT * FROM `tb_admin` WHERE `ad_id` = 1001 LIMIT 1   [ RunTime:0.0010s ]
INFO: [ app_end ] --START--
INFO: Run Behavior\ShowPageTraceBehavior [ RunTime:0.001000s ]
INFO: [ app_end ] --END-- [ RunTime:0.002000s ]

[ 2017-05-04T16:47:08+08:00 ] 127.0.0.1 /freeBicycle/index.php?m=Home&c=Xujie&a=login
INFO: [ app_init ] --START--
INFO: Run Behavior\BuildLiteBehavior [ RunTime:0.000000s ]
INFO: [ app_init ] --END-- [ RunTime:0.002001s ]
INFO: [ app_begin ] --START--
INFO: Run Behavior\ReadHtmlCacheBehavior [ RunTime:0.001000s ]
INFO: [ app_begin ] --END-- [ RunTime:0.002000s ]
SQL: SHOW COLUMNS FROM `tb_admin` [ RunTime:0.0050s ]
SQL: SELECT * FROM `tb_admin` WHERE `ad_id` = 1001 LIMIT 1   [ RunTime:0.0020s ]
INFO: [ app_end ] --START--
INFO: Run Behavior\ShowPageTraceBehavior [ RunTime:0.001000s ]
INFO: [ app_end ] --END-- [ RunTime:0.002000s ]

[ 2017-05-04T16:48:03+08:00 ] 127.0.0.1 /freeBicycle/index.php?m=Home&c=Xujie&a=login
INFO: [ app_init ] --START--
INFO: Run Behavior\BuildLiteBehavior [ RunTime:0.000000s ]
INFO: [ app_init ] --END-- [ RunTime:0.002000s ]
INFO: [ app_begin ] --START--
INFO: Run Behavior\ReadHtmlCacheBehavior [ RunTime:0.001000s ]
INFO: [ app_begin ] --END-- [ RunTime:0.002000s ]
SQL: SHOW COLUMNS FROM `tb_admin` [ RunTime:0.0060s ]
SQL: SELECT * FROM `tb_admin` WHERE `ad_id` = 1001 LIMIT 1   [ RunTime:0.0020s ]
INFO: [ app_end ] --START--
INFO: Run Behavior\ShowPageTraceBehavior [ RunTime:0.003001s ]
INFO: [ app_end ] --END-- [ RunTime:0.004001s ]

[ 2017-05-04T16:49:15+08:00 ] 127.0.0.1 /freeBicycle/index.php?m=Home&c=Xujie&a=login
INFO: [ app_init ] --START--
INFO: Run Behavior\BuildLiteBehavior [ RunTime:0.001000s ]
INFO: [ app_init ] --END-- [ RunTime:0.003000s ]
INFO: [ app_begin ] --START--
INFO: Run Behavior\ReadHtmlCacheBehavior [ RunTime:0.001000s ]
INFO: [ app_begin ] --END-- [ RunTime:0.002000s ]
SQL: SHOW COLUMNS FROM `tb_admin` [ RunTime:0.0050s ]
SQL: SELECT * FROM `tb_admin` WHERE ( ad_account=1001 ) LIMIT 1   [ RunTime:0.0020s ]
NOTIC: [8] Undefined offset: 0 D:\PHP-webapp\freeBicycle\Application\Home\Controller\XujieController.class.php 第 21 行.
INFO: [ app_end ] --START--
INFO: Run Behavior\ShowPageTraceBehavior [ RunTime:0.001000s ]
INFO: [ app_end ] --END-- [ RunTime:0.002000s ]

[ 2017-05-04T16:49:33+08:00 ] 127.0.0.1 /freeBicycle/index.php?m=Home&c=Xujie&a=login
INFO: [ app_init ] --START--
INFO: Run Behavior\BuildLiteBehavior [ RunTime:0.000000s ]
INFO: [ app_init ] --END-- [ RunTime:0.002000s ]
INFO: [ app_begin ] --START--
INFO: Run Behavior\ReadHtmlCacheBehavior [ RunTime:0.001000s ]
INFO: [ app_begin ] --END-- [ RunTime:0.002000s ]
SQL: SHOW COLUMNS FROM `tb_admin` [ RunTime:0.0050s ]
SQL: SELECT * FROM `tb_admin` WHERE ( ad_account=1001 ) LIMIT 1   [ RunTime:0.0010s ]
NOTIC: [8] Undefined offset: 0 D:\PHP-webapp\freeBicycle\Application\Home\Controller\XujieController.class.php 第 21 行.
INFO: [ app_end ] --START--
INFO: Run Behavior\ShowPageTraceBehavior [ RunTime:0.002001s ]
INFO: [ app_end ] --END-- [ RunTime:0.004001s ]

[ 2017-05-04T16:49:48+08:00 ] 127.0.0.1 /freeBicycle/index.php?m=Home&c=Xujie&a=login
INFO: [ app_init ] --START--
INFO: Run Behavior\BuildLiteBehavior [ RunTime:0.000000s ]
INFO: [ app_init ] --END-- [ RunTime:0.003001s ]
INFO: [ app_begin ] --START--
INFO: Run Behavior\ReadHtmlCacheBehavior [ RunTime:0.001000s ]
INFO: [ app_begin ] --END-- [ RunTime:0.002000s ]
SQL: SHOW COLUMNS FROM `tb_admin` [ RunTime:0.0050s ]
SQL: SELECT * FROM `tb_admin` WHERE ( ad_account=1001 ) LIMIT 1   [ RunTime:0.0010s ]
NOTIC: [8] Undefined offset: 0 D:\PHP-webapp\freeBicycle\Application\Home\Controller\XujieController.class.php 第 21 行.
INFO: [ app_end ] --START--
INFO: Run Behavior\ShowPageTraceBehavior [ RunTime:0.001000s ]
INFO: [ app_end ] --END-- [ RunTime:0.002000s ]

[ 2017-05-04T16:50:23+08:00 ] 127.0.0.1 /freeBicycle/index.php?m=Home&c=Xujie&a=login
INFO: [ app_init ] --START--
INFO: Run Behavior\BuildLiteBehavior [ RunTime:0.000000s ]
INFO: [ app_init ] --END-- [ RunTime:0.002000s ]
INFO: [ app_begin ] --START--
INFO: Run Behavior\ReadHtmlCacheBehavior [ RunTime:0.002000s ]
INFO: [ app_begin ] --END-- [ RunTime:0.003000s ]
SQL: SHOW COLUMNS FROM `tb_admin` [ RunTime:0.0060s ]
SQL: SELECT * FROM `tb_admin` WHERE ( ad_account=1001 ) LIMIT 1   [ RunTime:0.0010s ]
SQL: SHOW COLUMNS FROM `tb_admin` [ RunTime:0.0040s ]
SQL: SELECT m.* FROM tb_admin ad,tb_menus m,tb_jurisdiction j WHERE ( ad.ad_id=j.ad_id and j.me_id=m.me_id and j.ad_id=1 )  [ RunTime:0.0030s ]
INFO: [ app_end ] --START--
INFO: Run Behavior\ShowPageTraceBehavior [ RunTime:0.001000s ]
INFO: [ app_end ] --END-- [ RunTime:0.002000s ]

[ 2017-05-04T17:00:14+08:00 ] ::1 /freeBicycle/index.php?m=Home&c=Xujie&a=login
INFO: [ app_init ] --START--
INFO: Run Behavior\BuildLiteBehavior [ RunTime:0.001000s ]
INFO: [ app_init ] --END-- [ RunTime:0.001000s ]
INFO: [ app_begin ] --START--
INFO: Run Behavior\ReadHtmlCacheBehavior [ RunTime:0.001000s ]
INFO: [ app_begin ] --END-- [ RunTime:0.002000s ]
SQL: SHOW COLUMNS FROM `tb_admin` [ RunTime:0.0010s ]
SQL: SELECT * FROM `tb_admin` WHERE ( ad_account=1001 ) LIMIT 1   [ RunTime:0.0000s ]
SQL: SHOW COLUMNS FROM `tb_admin` [ RunTime:0.0010s ]
SQL: SELECT m.* FROM tb_admin ad,tb_menus m,tb_jurisdiction j WHERE ( ad.ad_id=j.ad_id and j.me_id=m.me_id and j.ad_id=1 )  [ RunTime:0.0000s ]
INFO: [ app_end ] --START--
INFO: Run Behavior\ShowPageTraceBehavior [ RunTime:0.001000s ]
INFO: [ app_end ] --END-- [ RunTime:0.003001s ]

[ 2017-05-04T17:10:05+08:00 ] ::1 /freeBicycle/index.php?m=Home&c=Xujie&a=login
INFO: [ app_init ] --START--
INFO: Run Behavior\BuildLiteBehavior [ RunTime:0.000000s ]
INFO: [ app_init ] --END-- [ RunTime:0.002000s ]
INFO: [ app_begin ] --START--
INFO: Run Behavior\ReadHtmlCacheBehavior [ RunTime:0.001000s ]
INFO: [ app_begin ] --END-- [ RunTime:0.002000s ]
SQL: SHOW COLUMNS FROM `tb_admin` [ RunTime:0.0020s ]
SQL: SELECT * FROM `tb_admin` WHERE ( ad_account=1001 ) LIMIT 1   [ RunTime:0.0000s ]
SQL: SHOW COLUMNS FROM `tb_admin` [ RunTime:0.0020s ]
SQL: SELECT m.* FROM tb_admin ad,tb_menus m,tb_jurisdiction j WHERE ( ad.ad_id=j.ad_id and j.me_id=m.me_id and j.ad_id=1 )  [ RunTime:0.0000s ]

[ 2017-05-04T17:11:25+08:00 ] ::1 /freeBicycle/index.php?m=Home&c=Xujie&a=login
INFO: [ app_init ] --START--
INFO: Run Behavior\BuildLiteBehavior [ RunTime:0.000000s ]
INFO: [ app_init ] --END-- [ RunTime:0.002001s ]
INFO: [ app_begin ] --START--
INFO: Run Behavior\ReadHtmlCacheBehavior [ RunTime:0.001000s ]
INFO: [ app_begin ] --END-- [ RunTime:0.002000s ]
SQL: SHOW COLUMNS FROM `tb_admin` [ RunTime:0.0010s ]
SQL: SELECT * FROM `tb_admin` WHERE ( ad_account=1001 ) LIMIT 1   [ RunTime:0.0010s ]
SQL: SHOW COLUMNS FROM `tb_admin` [ RunTime:0.0010s ]
SQL: SELECT m.* FROM tb_admin ad,tb_menus m,tb_jurisdiction j WHERE ( ad.ad_id=j.ad_id and j.me_id=m.me_id and j.ad_id=1 )  [ RunTime:0.0010s ]
INFO: [ app_end ] --START--
INFO: Run Behavior\ShowPageTraceBehavior [ RunTime:0.001000s ]
INFO: [ app_end ] --END-- [ RunTime:0.003000s ]

[ 2017-05-04T17:22:11+08:00 ] ::1 /freeBicycle/index.php/Home/Xujie/login
INFO: [ app_init ] --START--
INFO: Run Behavior\BuildLiteBehavior [ RunTime:0.000000s ]
INFO: [ app_init ] --END-- [ RunTime:0.002000s ]
INFO: [ app_begin ] --START--
INFO: Run Behavior\ReadHtmlCacheBehavior [ RunTime:0.001000s ]
INFO: [ app_begin ] --END-- [ RunTime:0.002000s ]
SQL: SHOW COLUMNS FROM `tb_admin` [ RunTime:0.0010s ]
ERR: 参数错误或者未定义:ad_account

[ 2017-05-04T17:22:15+08:00 ] ::1 /freeBicycle/index.php/Home/Xujie/login
INFO: [ app_init ] --START--
INFO: Run Behavior\BuildLiteBehavior [ RunTime:0.000000s ]
INFO: [ app_init ] --END-- [ RunTime:0.003000s ]
INFO: [ app_begin ] --START--
INFO: Run Behavior\ReadHtmlCacheBehavior [ RunTime:0.001000s ]
INFO: [ app_begin ] --END-- [ RunTime:0.003000s ]
SQL: SHOW COLUMNS FROM `tb_admin` [ RunTime:0.0020s ]
ERR: 参数错误或者未定义:ad_account

[ 2017-05-04T17:22:18+08:00 ] ::1 /freeBicycle/index.php/Home/Xujie/login
INFO: [ app_init ] --START--
INFO: Run Behavior\BuildLiteBehavior [ RunTime:0.000000s ]
INFO: [ app_init ] --END-- [ RunTime:0.002000s ]
INFO: [ app_begin ] --START--
INFO: Run Behavior\ReadHtmlCacheBehavior [ RunTime:0.001000s ]
INFO: [ app_begin ] --END-- [ RunTime:0.002000s ]
SQL: SHOW COLUMNS FROM `tb_admin` [ RunTime:0.0010s ]
ERR: 参数错误或者未定义:ad_account

[ 2017-05-04T17:22:21+08:00 ] ::1 /freeBicycle/index.php/Home/Xujie/login
INFO: [ app_init ] --START--
INFO: Run Behavior\BuildLiteBehavior [ RunTime:0.000000s ]
INFO: [ app_init ] --END-- [ RunTime:0.002000s ]
INFO: [ app_begin ] --START--
INFO: Run Behavior\ReadHtmlCacheBehavior [ RunTime:0.001000s ]
INFO: [ app_begin ] --END-- [ RunTime:0.002000s ]
SQL: SHOW COLUMNS FROM `tb_admin` [ RunTime:0.0010s ]
ERR: 参数错误或者未定义:ad_account

[ 2017-05-04T17:23:00+08:00 ] ::1 /freeBicycle/index.php/Home/Xujie/login
INFO: [ app_init ] --START--
INFO: Run Behavior\BuildLiteBehavior [ RunTime:0.001000s ]
INFO: [ app_init ] --END-- [ RunTime:0.002000s ]
INFO: [ app_begin ] --START--
INFO: Run Behavior\ReadHtmlCacheBehavior [ RunTime:0.001000s ]
INFO: [ app_begin ] --END-- [ RunTime:0.003000s ]
SQL: SHOW COLUMNS FROM `tb_admin` [ RunTime:0.0010s ]
SQL: SELECT * FROM `tb_admin` WHERE ( ad_account=1001 ) LIMIT 1   [ RunTime:0.0000s ]
SQL: SHOW COLUMNS FROM `tb_admin` [ RunTime:0.0020s ]
SQL: SELECT m.* FROM tb_admin ad,tb_menus m,tb_jurisdiction j WHERE ( ad.ad_id=j.ad_id and j.me_id=m.me_id and j.ad_id=1 )  [ RunTime:0.0010s ]
INFO: [ app_end ] --START--
INFO: Run Behavior\ShowPageTraceBehavior [ RunTime:0.001000s ]
INFO: [ app_end ] --END-- [ RunTime:0.003000s ]

[ 2017-05-04T17:25:48+08:00 ] ::1 /freeBicycle/index.php/Home/Xujie/login
INFO: [ app_init ] --START--
INFO: Run Behavior\BuildLiteBehavior [ RunTime:0.001000s ]
INFO: [ app_init ] --END-- [ RunTime:0.002000s ]
INFO: [ app_begin ] --START--
INFO: Run Behavior\ReadHtmlCacheBehavior [ RunTime:0.001001s ]
INFO: [ app_begin ] --END-- [ RunTime:0.002001s ]
SQL: SHOW COLUMNS FROM `tb_admin` [ RunTime:0.0010s ]
SQL: SELECT * FROM `tb_admin` WHERE ( ad_account=1001 ) LIMIT 1   [ RunTime:0.0010s ]
SQL: SHOW COLUMNS FROM `tb_admin` [ RunTime:0.0010s ]
SQL: SELECT m.* FROM tb_admin ad,tb_menus m,tb_jurisdiction j WHERE ( ad.ad_id=j.ad_id and j.me_id=m.me_id and j.ad_id=1 )  [ RunTime:0.0000s ]

[ 2017-05-04T17:30:59+08:00 ] ::1 /freeBicycle/index.php/Home/Xujie/login
INFO: [ app_init ] --START--
INFO: Run Behavior\BuildLiteBehavior [ RunTime:0.000000s ]
INFO: [ app_init ] --END-- [ RunTime:0.002000s ]
INFO: [ app_begin ] --START--
INFO: Run Behavior\ReadHtmlCacheBehavior [ RunTime:0.001000s ]
INFO: [ app_begin ] --END-- [ RunTime:0.003000s ]
SQL: SHOW COLUMNS FROM `tb_admin` [ RunTime:0.0010s ]
SQL: SELECT * FROM `tb_admin` WHERE ( ad_account=1001 )  [ RunTime:0.0000s ]
NOTIC: [8] Undefined index: ad_password D:\PHP-webapp\freeBicycle\Application\Home\Controller\XujieController.class.php 第 23 行.
INFO: [ app_end ] --START--
INFO: Run Behavior\ShowPageTraceBehavior [ RunTime:0.001000s ]
INFO: [ app_end ] --END-- [ RunTime:0.003000s ]

[ 2017-05-04T17:32:13+08:00 ] ::1 /freeBicycle/index.php/Home/Xujie/login
INFO: [ app_init ] --START--
INFO: Run Behavior\BuildLiteBehavior [ RunTime:0.000000s ]
INFO: [ app_init ] --END-- [ RunTime:0.002001s ]
INFO: [ app_begin ] --START--
INFO: Run Behavior\ReadHtmlCacheBehavior [ RunTime:0.001000s ]
INFO: [ app_begin ] --END-- [ RunTime:0.003000s ]
SQL: SHOW COLUMNS FROM `tb_admin` [ RunTime:0.0020s ]
SQL: SELECT * FROM `tb_admin` WHERE ( ad_account=1001 )  [ RunTime:0.0000s ]
NOTIC: [8] Undefined index: ad_password D:\PHP-webapp\freeBicycle\Application\Home\Controller\XujieController.class.php 第 25 行.
INFO: [ app_end ] --START--
INFO: Run Behavior\ShowPageTraceBehavior [ RunTime:0.001000s ]
INFO: [ app_end ] --END-- [ RunTime:0.003001s ]

[ 2017-05-04T17:35:32+08:00 ] ::1 /freeBicycle/index.php/Home/Xujie/login
INFO: [ app_init ] --START--
INFO: Run Behavior\BuildLiteBehavior [ RunTime:0.000000s ]
INFO: [ app_init ] --END-- [ RunTime:0.002001s ]
INFO: [ app_begin ] --START--
INFO: Run Behavior\ReadHtmlCacheBehavior [ RunTime:0.001000s ]
INFO: [ app_begin ] --END-- [ RunTime:0.002000s ]
SQL: SHOW COLUMNS FROM `tb_admin` [ RunTime:0.0020s ]
SQL: SELECT * FROM `tb_admin` WHERE ( ad_account=1001 )  [ RunTime:0.0000s ]
SQL: SHOW COLUMNS FROM `tb_admin` [ RunTime:0.0020s ]
SQL: SELECT m.* FROM tb_admin ad,tb_menus m,tb_jurisdiction j WHERE ( ad.ad_id=j.ad_id and j.me_id=m.me_id and j.ad_id=1 )  [ RunTime:0.0000s ]

[ 2017-05-04T17:36:44+08:00 ] ::1 /freeBicycle/index.php/Home/Xujie/login
INFO: [ app_init ] --START--
INFO: Run Behavior\BuildLiteBehavior [ RunTime:0.000000s ]
INFO: [ app_init ] --END-- [ RunTime:0.002000s ]
INFO: [ app_begin ] --START--
INFO: Run Behavior\ReadHtmlCacheBehavior [ RunTime:0.001000s ]
INFO: [ app_begin ] --END-- [ RunTime:0.002000s ]
SQL: SHOW COLUMNS FROM `tb_admin` [ RunTime:0.0020s ]
SQL: SELECT * FROM `tb_admin` WHERE ( ad_account=1001 )  [ RunTime:0.0000s ]
SQL: SHOW COLUMNS FROM `tb_admin` [ RunTime:0.0010s ]
SQL: SELECT m.* FROM tb_admin ad,tb_menus m,tb_jurisdiction j WHERE ( ad.ad_id=j.ad_id and j.me_id=m.me_id and j.ad_id=1 )  [ RunTime:0.0010s ]
ERR: 模板不存在:./Application/Home/View/../ZJ/welcome.html
NOTIC: [2] Cannot modify header information - headers already sent by (output started at D:\PHP-webapp\freeBicycle\ThinkPHP\Common\functions.php:102) D:\PHP-webapp\freeBicycle\ThinkPHP\Library\Think\Think.class.php 第 229 行.
NOTIC: [2] Cannot modify header information - headers already sent by (output started at D:\PHP-webapp\freeBicycle\ThinkPHP\Common\functions.php:102) D:\PHP-webapp\freeBicycle\ThinkPHP\Library\Think\Think.class.php 第 230 行.

[ 2017-05-04T17:37:01+08:00 ] ::1 /freeBicycle/index.php/Home/Xujie/login
INFO: [ app_init ] --START--
INFO: Run Behavior\BuildLiteBehavior [ RunTime:0.000000s ]
INFO: [ app_init ] --END-- [ RunTime:0.002000s ]
INFO: [ app_begin ] --START--
INFO: Run Behavior\ReadHtmlCacheBehavior [ RunTime:0.001000s ]
INFO: [ app_begin ] --END-- [ RunTime:0.002000s ]
SQL: SHOW COLUMNS FROM `tb_admin` [ RunTime:0.0010s ]
SQL: SELECT * FROM `tb_admin` WHERE ( ad_account=1001 )  [ RunTime:0.0000s ]
SQL: SHOW COLUMNS FROM `tb_admin` [ RunTime:0.0020s ]
SQL: SELECT m.* FROM tb_admin ad,tb_menus m,tb_jurisdiction j WHERE ( ad.ad_id=j.ad_id and j.me_id=m.me_id and j.ad_id=1 )  [ RunTime:0.0000s ]
INFO: [ view_parse ] --START--
INFO: [ template_filter ] --START--
INFO: Run Behavior\ContentReplaceBehavior [ RunTime:0.001000s ]
INFO: [ template_filter ] --END-- [ RunTime:0.002000s ]
NOTIC: [8] Undefined index: me_parentID D:\PHP-webapp\freeBicycle\Application\Runtime\Cache\Home\b7d3977186b0d4a0bcf5c7c8743e7f6a.php 第 83 行.
NOTIC: [8] Undefined index: me_parentID D:\PHP-webapp\freeBicycle\Application\Runtime\Cache\Home\b7d3977186b0d4a0bcf5c7c8743e7f6a.php 第 83 行.
NOTIC: [8] Undefined index: me_parentID D:\PHP-webapp\freeBicycle\Application\Runtime\Cache\Home\b7d3977186b0d4a0bcf5c7c8743e7f6a.php 第 83 行.
NOTIC: [8] Undefined index: me_parentID D:\PHP-webapp\freeBicycle\Application\Runtime\Cache\Home\b7d3977186b0d4a0bcf5c7c8743e7f6a.php 第 83 行.
NOTIC: [8] Undefined index: me_parentID D:\PHP-webapp\freeBicycle\Application\Runtime\Cache\Home\b7d3977186b0d4a0bcf5c7c8743e7f6a.php 第 83 行.
NOTIC: [8] Undefined index: me_parentID D:\PHP-webapp\freeBicycle\Application\Runtime\Cache\Home\b7d3977186b0d4a0bcf5c7c8743e7f6a.php 第 83 行.
NOTIC: [8] Undefined index: me_parentID D:\PHP-webapp\freeBicycle\Application\Runtime\Cache\Home\b7d3977186b0d4a0bcf5c7c8743e7f6a.php 第 83 行.
NOTIC: [8] Undefined index: me_parentID D:\PHP-webapp\freeBicycle\Application\Runtime\Cache\Home\b7d3977186b0d4a0bcf5c7c8743e7f6a.php 第 83 行.
NOTIC: [8] Undefined index: me_parentID D:\PHP-webapp\freeBicycle\Application\Runtime\Cache\Home\b7d3977186b0d4a0bcf5c7c8743e7f6a.php 第 83 行.
NOTIC: [8] Undefined index: me_parentID D:\PHP-webapp\freeBicycle\Application\Runtime\Cache\Home\b7d3977186b0d4a0bcf5c7c8743e7f6a.php 第 83 行.
NOTIC: [8] Undefined index: me_parentID D:\PHP-webapp\freeBicycle\Application\Runtime\Cache\Home\b7d3977186b0d4a0bcf5c7c8743e7f6a.php 第 83 行.
NOTIC: [8] Undefined index: me_parentID D:\PHP-webapp\freeBicycle\Application\Runtime\Cache\Home\b7d3977186b0d4a0bcf5c7c8743e7f6a.php 第 83 行.
INFO: Run Behavior\ParseTemplateBehavior [ RunTime:0.073004s ]
INFO: [ view_parse ] --END-- [ RunTime:0.075004s ]
INFO: [ view_filter ] --START--
INFO: Run Behavior\WriteHtmlCacheBehavior [ RunTime:0.001000s ]
INFO: [ view_filter ] --END-- [ RunTime:0.003000s ]
INFO: [ app_end ] --START--
INFO: Run Behavior\ShowPageTraceBehavior [ RunTime:0.001000s ]
INFO: [ app_end ] --END-- [ RunTime:0.003001s ]

[ 2017-05-04T17:39:31+08:00 ] ::1 /freeBicycle/index.php/Home/Xujie/scheduleListView.php?searchDate=2017-5-4
INFO: [ app_init ] --START--
INFO: Run Behavior\BuildLiteBehavior [ RunTime:0.000000s ]
INFO: [ app_init ] --END-- [ RunTime:0.003000s ]
INFO: [ app_begin ] --START--
INFO: Run Behavior\ReadHtmlCacheBehavior [ RunTime:0.001000s ]
INFO: [ app_begin ] --END-- [ RunTime:0.003000s ]
SQL: SHOW COLUMNS FROM `tb_admin` [ RunTime:0.0020s ]
ERR: 非法操作:scheduleListView.php
NOTIC: [2] Cannot modify header information - headers already sent by (output started at D:\PHP-webapp\freeBicycle\ThinkPHP\Library\Think\App.class.php:121) D:\PHP-webapp\freeBicycle\ThinkPHP\Library\Think\Think.class.php 第 229 行.
NOTIC: [2] Cannot modify header information - headers already sent by (output started at D:\PHP-webapp\freeBicycle\ThinkPHP\Library\Think\App.class.php:121) D:\PHP-webapp\freeBicycle\ThinkPHP\Library\Think\Think.class.php 第 230 行.

[ 2017-05-04T17:39:42+08:00 ] ::1 /freeBicycle/index.php/Home/Xujie/login
INFO: [ app_init ] --START--
INFO: Run Behavior\BuildLiteBehavior [ RunTime:0.001000s ]
INFO: [ app_init ] --END-- [ RunTime:0.002000s ]
INFO: [ app_begin ] --START--
INFO: Run Behavior\ReadHtmlCacheBehavior [ RunTime:0.001000s ]
INFO: [ app_begin ] --END-- [ RunTime:0.002001s ]
SQL: SHOW COLUMNS FROM `tb_admin` [ RunTime:0.0010s ]
SQL: SELECT * FROM `tb_admin` WHERE ( ad_account=1001 )  [ RunTime:0.0010s ]
SQL: SHOW COLUMNS FROM `tb_admin` [ RunTime:0.0010s ]
SQL: SELECT m.* FROM tb_admin ad,tb_menus m,tb_jurisdiction j WHERE ( ad.ad_id=j.ad_id and j.me_id=m.me_id and j.ad_id=1 )  [ RunTime:0.0010s ]
INFO: [ view_parse ] --START--
INFO: [ template_filter ] --START--
INFO: Run Behavior\ContentReplaceBehavior [ RunTime:0.001000s ]
INFO: [ template_filter ] --END-- [ RunTime:0.003000s ]
NOTIC: [8] Undefined index: me_parentID D:\PHP-webapp\freeBicycle\Application\Runtime\Cache\Home\b7d3977186b0d4a0bcf5c7c8743e7f6a.php 第 83 行.
NOTIC: [8] Undefined index: me_parentID D:\PHP-webapp\freeBicycle\Application\Runtime\Cache\Home\b7d3977186b0d4a0bcf5c7c8743e7f6a.php 第 83 行.
NOTIC: [8] Undefined index: me_parentID D:\PHP-webapp\freeBicycle\Application\Runtime\Cache\Home\b7d3977186b0d4a0bcf5c7c8743e7f6a.php 第 83 行.
NOTIC: [8] Undefined index: me_parentID D:\PHP-webapp\freeBicycle\Application\Runtime\Cache\Home\b7d3977186b0d4a0bcf5c7c8743e7f6a.php 第 83 行.
NOTIC: [8] Undefined index: me_parentID D:\PHP-webapp\freeBicycle\Application\Runtime\Cache\Home\b7d3977186b0d4a0bcf5c7c8743e7f6a.php 第 83 行.
NOTIC: [8] Undefined index: me_parentID D:\PHP-webapp\freeBicycle\Application\Runtime\Cache\Home\b7d3977186b0d4a0bcf5c7c8743e7f6a.php 第 83 行.
NOTIC: [8] Undefined index: me_parentID D:\PHP-webapp\freeBicycle\Application\Runtime\Cache\Home\b7d3977186b0d4a0bcf5c7c8743e7f6a.php 第 83 行.
NOTIC: [8] Undefined index: me_parentID D:\PHP-webapp\freeBicycle\Application\Runtime\Cache\Home\b7d3977186b0d4a0bcf5c7c8743e7f6a.php 第 83 行.
NOTIC: [8] Undefined index: me_parentID D:\PHP-webapp\freeBicycle\Application\Runtime\Cache\Home\b7d3977186b0d4a0bcf5c7c8743e7f6a.php 第 83 行.
NOTIC: [8] Undefined index: me_parentID D:\PHP-webapp\freeBicycle\Application\Runtime\Cache\Home\b7d3977186b0d4a0bcf5c7c8743e7f6a.php 第 83 行.
NOTIC: [8] Undefined index: me_parentID D:\PHP-webapp\freeBicycle\Application\Runtime\Cache\Home\b7d3977186b0d4a0bcf5c7c8743e7f6a.php 第 83 行.
NOTIC: [8] Undefined index: me_parentID D:\PHP-webapp\freeBicycle\Application\Runtime\Cache\Home\b7d3977186b0d4a0bcf5c7c8743e7f6a.php 第 83 行.
INFO: Run Behavior\ParseTemplateBehavior [ RunTime:0.072005s ]
INFO: [ view_parse ] --END-- [ RunTime:0.073005s ]
INFO: [ view_filter ] --START--
INFO: Run Behavior\WriteHtmlCacheBehavior [ RunTime:0.002000s ]
INFO: [ view_filter ] --END-- [ RunTime:0.002000s ]
INFO: [ app_end ] --START--
INFO: Run Behavior\ShowPageTraceBehavior [ RunTime:0.001000s ]
INFO: [ app_end ] --END-- [ RunTime:0.003000s ]

[ 2017-05-04T17:45:21+08:00 ] ::1 /freeBicycle/index.php/Home/Xujie/login
INFO: [ app_init ] --START--
INFO: Run Behavior\BuildLiteBehavior [ RunTime:0.000000s ]
INFO: [ app_init ] --END-- [ RunTime:0.002000s ]
INFO: [ app_begin ] --START--
INFO: Run Behavior\ReadHtmlCacheBehavior [ RunTime:0.001001s ]
INFO: [ app_begin ] --END-- [ RunTime:0.002001s ]
SQL: SHOW COLUMNS FROM `tb_admin` [ RunTime:0.0020s ]
SQL: SELECT * FROM `tb_admin` WHERE ( ad_account=1001 )  [ RunTime:0.0010s ]
SQL: SHOW COLUMNS FROM `tb_admin` [ RunTime:0.0010s ]
SQL: SELECT m.* FROM tb_admin ad,tb_menus m,tb_jurisdiction j WHERE ( ad.ad_id=j.ad_id and j.me_id=m.me_id and j.ad_id=1 )  [ RunTime:0.0010s ]
INFO: [ view_parse ] --START--
INFO: [ template_filter ] --START--
INFO: Run Behavior\ContentReplaceBehavior [ RunTime:0.001000s ]
INFO: [ template_filter ] --END-- [ RunTime:0.002000s ]
NOTIC: [8] Undefined index: me_parentID D:\PHP-webapp\freeBicycle\Application\Runtime\Cache\Home\b7d3977186b0d4a0bcf5c7c8743e7f6a.php 第 83 行.
NOTIC: [8] Undefined index: me_parentID D:\PHP-webapp\freeBicycle\Application\Runtime\Cache\Home\b7d3977186b0d4a0bcf5c7c8743e7f6a.php 第 83 行.
NOTIC: [8] Undefined index: me_parentID D:\PHP-webapp\freeBicycle\Application\Runtime\Cache\Home\b7d3977186b0d4a0bcf5c7c8743e7f6a.php 第 83 行.
NOTIC: [8] Undefined index: me_parentID D:\PHP-webapp\freeBicycle\Application\Runtime\Cache\Home\b7d3977186b0d4a0bcf5c7c8743e7f6a.php 第 83 行.
NOTIC: [8] Undefined index: me_parentID D:\PHP-webapp\freeBicycle\Application\Runtime\Cache\Home\b7d3977186b0d4a0bcf5c7c8743e7f6a.php 第 83 行.
NOTIC: [8] Undefined index: me_parentID D:\PHP-webapp\freeBicycle\Application\Runtime\Cache\Home\b7d3977186b0d4a0bcf5c7c8743e7f6a.php 第 83 行.
NOTIC: [8] Undefined index: me_parentID D:\PHP-webapp\freeBicycle\Application\Runtime\Cache\Home\b7d3977186b0d4a0bcf5c7c8743e7f6a.php 第 83 行.
NOTIC: [8] Undefined index: me_parentID D:\PHP-webapp\freeBicycle\Application\Runtime\Cache\Home\b7d3977186b0d4a0bcf5c7c8743e7f6a.php 第 83 行.
NOTIC: [8] Undefined index: me_parentID D:\PHP-webapp\freeBicycle\Application\Runtime\Cache\Home\b7d3977186b0d4a0bcf5c7c8743e7f6a.php 第 83 行.
NOTIC: [8] Undefined index: me_parentID D:\PHP-webapp\freeBicycle\Application\Runtime\Cache\Home\b7d3977186b0d4a0bcf5c7c8743e7f6a.php 第 83 行.
NOTIC: [8] Undefined index: me_parentID D:\PHP-webapp\freeBicycle\Application\Runtime\Cache\Home\b7d3977186b0d4a0bcf5c7c8743e7f6a.php 第 83 行.
NOTIC: [8] Undefined index: me_parentID D:\PHP-webapp\freeBicycle\Application\Runtime\Cache\Home\b7d3977186b0d4a0bcf5c7c8743e7f6a.php 第 83 行.
INFO: Run Behavior\ParseTemplateBehavior [ RunTime:0.057003s ]
INFO: [ view_parse ] --END-- [ RunTime:0.059003s ]
INFO: [ view_filter ] --START--
INFO: Run Behavior\WriteHtmlCacheBehavior [ RunTime:0.001001s ]
INFO: [ view_filter ] --END-- [ RunTime:0.003001s ]
INFO: [ app_end ] --START--
INFO: Run Behavior\ShowPageTraceBehavior [ RunTime:0.001000s ]
INFO: [ app_end ] --END-- [ RunTime:0.003000s ]

[ 2017-05-04T17:45:39+08:00 ] ::1 /freeBicycle/index.php/Home/Xujie/login
INFO: [ app_init ] --START--
INFO: Run Behavior\BuildLiteBehavior [ RunTime:0.000000s ]
INFO: [ app_init ] --END-- [ RunTime:0.002000s ]
INFO: [ app_begin ] --START--
INFO: Run Behavior\ReadHtmlCacheBehavior [ RunTime:0.001000s ]
INFO: [ app_begin ] --END-- [ RunTime:0.003000s ]
SQL: SHOW COLUMNS FROM `tb_admin` [ RunTime:0.0020s ]
SQL: SELECT * FROM `tb_admin` WHERE ( ad_account=1001 )  [ RunTime:0.0000s ]
SQL: SHOW COLUMNS FROM `tb_admin` [ RunTime:0.0010s ]
SQL: SELECT m.* FROM tb_admin ad,tb_menus m,tb_jurisdiction j WHERE ( ad.ad_id=j.ad_id and j.me_id=m.me_id and j.ad_id=1 )  [ RunTime:0.0010s ]
INFO: [ view_parse ] --START--
INFO: [ template_filter ] --START--
INFO: Run Behavior\ContentReplaceBehavior [ RunTime:0.001000s ]
INFO: [ template_filter ] --END-- [ RunTime:0.002000s ]
NOTIC: [8] Undefined index: me_parentID D:\PHP-webapp\freeBicycle\Application\Runtime\Cache\Home\b7d3977186b0d4a0bcf5c7c8743e7f6a.php 第 83 行.
NOTIC: [8] Undefined index: me_parentID D:\PHP-webapp\freeBicycle\Application\Runtime\Cache\Home\b7d3977186b0d4a0bcf5c7c8743e7f6a.php 第 83 行.
NOTIC: [8] Undefined index: me_parentID D:\PHP-webapp\freeBicycle\Application\Runtime\Cache\Home\b7d3977186b0d4a0bcf5c7c8743e7f6a.php 第 83 行.
NOTIC: [8] Undefined index: me_parentID D:\PHP-webapp\freeBicycle\Application\Runtime\Cache\Home\b7d3977186b0d4a0bcf5c7c8743e7f6a.php 第 83 行.
NOTIC: [8] Undefined index: me_parentID D:\PHP-webapp\freeBicycle\Application\Runtime\Cache\Home\b7d3977186b0d4a0bcf5c7c8743e7f6a.php 第 83 行.
NOTIC: [8] Undefined index: me_parentID D:\PHP-webapp\freeBicycle\Application\Runtime\Cache\Home\b7d3977186b0d4a0bcf5c7c8743e7f6a.php 第 83 行.
NOTIC: [8] Undefined index: me_parentID D:\PHP-webapp\freeBicycle\Application\Runtime\Cache\Home\b7d3977186b0d4a0bcf5c7c8743e7f6a.php 第 83 行.
NOTIC: [8] Undefined index: me_parentID D:\PHP-webapp\freeBicycle\Application\Runtime\Cache\Home\b7d3977186b0d4a0bcf5c7c8743e7f6a.php 第 83 行.
NOTIC: [8] Undefined index: me_parentID D:\PHP-webapp\freeBicycle\Application\Runtime\Cache\Home\b7d3977186b0d4a0bcf5c7c8743e7f6a.php 第 83 行.
NOTIC: [8] Undefined index: me_parentID D:\PHP-webapp\freeBicycle\Application\Runtime\Cache\Home\b7d3977186b0d4a0bcf5c7c8743e7f6a.php 第 83 行.
NOTIC: [8] Undefined index: me_parentID D:\PHP-webapp\freeBicycle\Application\Runtime\Cache\Home\b7d3977186b0d4a0bcf5c7c8743e7f6a.php 第 83 行.
NOTIC: [8] Undefined index: me_parentID D:\PHP-webapp\freeBicycle\Application\Runtime\Cache\Home\b7d3977186b0d4a0bcf5c7c8743e7f6a.php 第 83 行.
INFO: Run Behavior\ParseTemplateBehavior [ RunTime:0.056003s ]
INFO: [ view_parse ] --END-- [ RunTime:0.057003s ]
INFO: [ view_filter ] --START--
INFO: Run Behavior\WriteHtmlCacheBehavior [ RunTime:0.000000s ]
INFO: [ view_filter ] --END-- [ RunTime:0.002000s ]
INFO: [ app_end ] --START--
INFO: Run Behavior\ShowPageTraceBehavior [ RunTime:0.001000s ]
INFO: [ app_end ] --END-- [ RunTime:0.002000s ]

[ 2017-05-04T17:48:19+08:00 ] ::1 /freeBicycle/index.php/Home/Xujie/login
INFO: [ app_init ] --START--
INFO: Run Behavior\BuildLiteBehavior [ RunTime:0.000000s ]
INFO: [ app_init ] --END-- [ RunTime:0.002000s ]
INFO: [ app_begin ] --START--
INFO: Run Behavior\ReadHtmlCacheBehavior [ RunTime:0.001000s ]
INFO: [ app_begin ] --END-- [ RunTime:0.002000s ]
SQL: SHOW COLUMNS FROM `tb_admin` [ RunTime:0.0020s ]
SQL: SELECT * FROM `tb_admin` WHERE ( ad_account=1001 )  [ RunTime:0.0010s ]
SQL: SHOW COLUMNS FROM `tb_admin` [ RunTime:0.0020s ]
SQL: SELECT m.* FROM tb_admin ad,tb_menus m,tb_jurisdiction j WHERE ( ad.ad_id=j.ad_id and j.me_id=m.me_id and j.ad_id=1 )  [ RunTime:0.0000s ]
INFO: [ view_parse ] --START--
INFO: [ template_filter ] --START--
INFO: Run Behavior\ContentReplaceBehavior [ RunTime:0.001000s ]
INFO: [ template_filter ] --END-- [ RunTime:0.004000s ]
NOTIC: [8] Undefined index: me_parentID D:\PHP-webapp\freeBicycle\Application\Runtime\Cache\Home\b7d3977186b0d4a0bcf5c7c8743e7f6a.php 第 84 行.
NOTIC: [8] Undefined index: me_parentID D:\PHP-webapp\freeBicycle\Application\Runtime\Cache\Home\b7d3977186b0d4a0bcf5c7c8743e7f6a.php 第 84 行.
NOTIC: [8] Undefined index: me_parentID D:\PHP-webapp\freeBicycle\Application\Runtime\Cache\Home\b7d3977186b0d4a0bcf5c7c8743e7f6a.php 第 84 行.
NOTIC: [8] Undefined index: me_parentID D:\PHP-webapp\freeBicycle\Application\Runtime\Cache\Home\b7d3977186b0d4a0bcf5c7c8743e7f6a.php 第 84 行.
NOTIC: [8] Undefined index: me_parentID D:\PHP-webapp\freeBicycle\Application\Runtime\Cache\Home\b7d3977186b0d4a0bcf5c7c8743e7f6a.php 第 84 行.
NOTIC: [8] Undefined index: me_parentID D:\PHP-webapp\freeBicycle\Application\Runtime\Cache\Home\b7d3977186b0d4a0bcf5c7c8743e7f6a.php 第 84 行.
NOTIC: [8] Undefined index: me_parentID D:\PHP-webapp\freeBicycle\Application\Runtime\Cache\Home\b7d3977186b0d4a0bcf5c7c8743e7f6a.php 第 84 行.
NOTIC: [8] Undefined index: me_parentID D:\PHP-webapp\freeBicycle\Application\Runtime\Cache\Home\b7d3977186b0d4a0bcf5c7c8743e7f6a.php 第 84 行.
NOTIC: [8] Undefined index: me_parentID D:\PHP-webapp\freeBicycle\Application\Runtime\Cache\Home\b7d3977186b0d4a0bcf5c7c8743e7f6a.php 第 84 行.
NOTIC: [8] Undefined index: me_parentID D:\PHP-webapp\freeBicycle\Application\Runtime\Cache\Home\b7d3977186b0d4a0bcf5c7c8743e7f6a.php 第 84 行.
NOTIC: [8] Undefined index: me_parentID D:\PHP-webapp\freeBicycle\Application\Runtime\Cache\Home\b7d3977186b0d4a0bcf5c7c8743e7f6a.php 第 84 行.
NOTIC: [8] Undefined index: me_parentID D:\PHP-webapp\freeBicycle\Application\Runtime\Cache\Home\b7d3977186b0d4a0bcf5c7c8743e7f6a.php 第 84 行.
INFO: Run Behavior\ParseTemplateBehavior [ RunTime:0.095005s ]
INFO: [ view_parse ] --END-- [ RunTime:0.096005s ]
INFO: [ view_filter ] --START--
INFO: Run Behavior\WriteHtmlCacheBehavior [ RunTime:0.001000s ]
INFO: [ view_filter ] --END-- [ RunTime:0.002000s ]
INFO: [ app_end ] --START--
INFO: Run Behavior\ShowPageTraceBehavior [ RunTime:0.002000s ]
INFO: [ app_end ] --END-- [ RunTime:0.004001s ]

[ 2017-05-04T17:48:28+08:00 ] ::1 /freeBicycle/index.php/Home/Xujie/login
INFO: [ app_init ] --START--
INFO: Run Behavior\BuildLiteBehavior [ RunTime:0.001000s ]
INFO: [ app_init ] --END-- [ RunTime:0.002000s ]
INFO: [ app_begin ] --START--
INFO: Run Behavior\ReadHtmlCacheBehavior [ RunTime:0.001000s ]
INFO: [ app_begin ] --END-- [ RunTime:0.002000s ]
SQL: SHOW COLUMNS FROM `tb_admin` [ RunTime:0.0010s ]
SQL: SELECT * FROM `tb_admin` WHERE ( ad_account=1001 )  [ RunTime:0.0000s ]
SQL: SHOW COLUMNS FROM `tb_admin` [ RunTime:0.0010s ]
SQL: SELECT m.* FROM tb_admin ad,tb_menus m,tb_jurisdiction j WHERE ( ad.ad_id=j.ad_id and j.me_id=m.me_id and j.ad_id=1 )  [ RunTime:0.0000s ]
INFO: [ view_parse ] --START--
INFO: [ template_filter ] --START--
INFO: Run Behavior\ContentReplaceBehavior [ RunTime:0.001000s ]
INFO: [ template_filter ] --END-- [ RunTime:0.002000s ]
NOTIC: [8] Undefined index: me_parentID D:\PHP-webapp\freeBicycle\Application\Runtime\Cache\Home\b7d3977186b0d4a0bcf5c7c8743e7f6a.php 第 84 行.
NOTIC: [8] Undefined index: me_parentID D:\PHP-webapp\freeBicycle\Application\Runtime\Cache\Home\b7d3977186b0d4a0bcf5c7c8743e7f6a.php 第 84 行.
NOTIC: [8] Undefined index: me_parentID D:\PHP-webapp\freeBicycle\Application\Runtime\Cache\Home\b7d3977186b0d4a0bcf5c7c8743e7f6a.php 第 84 行.
NOTIC: [8] Undefined index: me_parentID D:\PHP-webapp\freeBicycle\Application\Runtime\Cache\Home\b7d3977186b0d4a0bcf5c7c8743e7f6a.php 第 84 行.
NOTIC: [8] Undefined index: me_parentID D:\PHP-webapp\freeBicycle\Application\Runtime\Cache\Home\b7d3977186b0d4a0bcf5c7c8743e7f6a.php 第 84 行.
NOTIC: [8] Undefined index: me_parentID D:\PHP-webapp\freeBicycle\Application\Runtime\Cache\Home\b7d3977186b0d4a0bcf5c7c8743e7f6a.php 第 84 行.
NOTIC: [8] Undefined index: me_parentID D:\PHP-webapp\freeBicycle\Application\Runtime\Cache\Home\b7d3977186b0d4a0bcf5c7c8743e7f6a.php 第 84 行.
NOTIC: [8] Undefined index: me_parentID D:\PHP-webapp\freeBicycle\Application\Runtime\Cache\Home\b7d3977186b0d4a0bcf5c7c8743e7f6a.php 第 84 行.
NOTIC: [8] Undefined index: me_parentID D:\PHP-webapp\freeBicycle\Application\Runtime\Cache\Home\b7d3977186b0d4a0bcf5c7c8743e7f6a.php 第 84 行.
NOTIC: [8] Undefined index: me_parentID D:\PHP-webapp\freeBicycle\Application\Runtime\Cache\Home\b7d3977186b0d4a0bcf5c7c8743e7f6a.php 第 84 行.
NOTIC: [8] Undefined index: me_parentID D:\PHP-webapp\freeBicycle\Application\Runtime\Cache\Home\b7d3977186b0d4a0bcf5c7c8743e7f6a.php 第 84 行.
NOTIC: [8] Undefined index: me_parentID D:\PHP-webapp\freeBicycle\Application\Runtime\Cache\Home\b7d3977186b0d4a0bcf5c7c8743e7f6a.php 第 84 行.
INFO: Run Behavior\ParseTemplateBehavior [ RunTime:0.082005s ]
INFO: [ view_parse ] --END-- [ RunTime:0.083005s ]
INFO: [ view_filter ] --START--
INFO: Run Behavior\WriteHtmlCacheBehavior [ RunTime:0.001000s ]
INFO: [ view_filter ] --END-- [ RunTime:0.004000s ]
INFO: [ app_end ] --START--
INFO: Run Behavior\ShowPageTraceBehavior [ RunTime:0.001000s ]
INFO: [ app_end ] --END-- [ RunTime:0.003000s ]

[ 2017-05-04T17:49:29+08:00 ] ::1 /freeBicycle/index.php/Home/Xujie/login
INFO: [ app_init ] --START--
INFO: Run Behavior\BuildLiteBehavior [ RunTime:0.000000s ]
INFO: [ app_init ] --END-- [ RunTime:0.004000s ]
INFO: [ app_begin ] --START--
INFO: Run Behavior\ReadHtmlCacheBehavior [ RunTime:0.001000s ]
INFO: [ app_begin ] --END-- [ RunTime:0.003000s ]
SQL: SHOW COLUMNS FROM `tb_admin` [ RunTime:0.0010s ]
SQL: SELECT * FROM `tb_admin` WHERE ( ad_account=1001 )  [ RunTime:0.0010s ]
SQL: SHOW COLUMNS FROM `tb_admin` [ RunTime:0.0020s ]
SQL: SELECT m.* FROM tb_admin ad,tb_menus m,tb_jurisdiction j WHERE ( ad.ad_id=j.ad_id and j.me_id=m.me_id and j.ad_id=1 )  [ RunTime:0.0000s ]
INFO: [ view_parse ] --START--
INFO: [ template_filter ] --START--
INFO: Run Behavior\ContentReplaceBehavior [ RunTime:0.001000s ]
INFO: [ template_filter ] --END-- [ RunTime:0.003000s ]
NOTIC: [8] Undefined index: me_parentID D:\PHP-webapp\freeBicycle\Application\Runtime\Cache\Home\b7d3977186b0d4a0bcf5c7c8743e7f6a.php 第 85 行.
NOTIC: [8] Undefined index: me_parentID D:\PHP-webapp\freeBicycle\Application\Runtime\Cache\Home\b7d3977186b0d4a0bcf5c7c8743e7f6a.php 第 85 行.
NOTIC: [8] Undefined index: me_parentID D:\PHP-webapp\freeBicycle\Application\Runtime\Cache\Home\b7d3977186b0d4a0bcf5c7c8743e7f6a.php 第 85 行.
NOTIC: [8] Undefined index: me_parentID D:\PHP-webapp\freeBicycle\Application\Runtime\Cache\Home\b7d3977186b0d4a0bcf5c7c8743e7f6a.php 第 85 行.
NOTIC: [8] Undefined index: me_parentID D:\PHP-webapp\freeBicycle\Application\Runtime\Cache\Home\b7d3977186b0d4a0bcf5c7c8743e7f6a.php 第 85 行.
NOTIC: [8] Undefined index: me_parentID D:\PHP-webapp\freeBicycle\Application\Runtime\Cache\Home\b7d3977186b0d4a0bcf5c7c8743e7f6a.php 第 85 行.
NOTIC: [8] Undefined index: me_parentID D:\PHP-webapp\freeBicycle\Application\Runtime\Cache\Home\b7d3977186b0d4a0bcf5c7c8743e7f6a.php 第 85 行.
NOTIC: [8] Undefined index: me_parentID D:\PHP-webapp\freeBicycle\Application\Runtime\Cache\Home\b7d3977186b0d4a0bcf5c7c8743e7f6a.php 第 85 行.
NOTIC: [8] Undefined index: me_parentID D:\PHP-webapp\freeBicycle\Application\Runtime\Cache\Home\b7d3977186b0d4a0bcf5c7c8743e7f6a.php 第 85 行.
NOTIC: [8] Undefined index: me_parentID D:\PHP-webapp\freeBicycle\Application\Runtime\Cache\Home\b7d3977186b0d4a0bcf5c7c8743e7f6a.php 第 85 行.
NOTIC: [8] Undefined index: me_parentID D:\PHP-webapp\freeBicycle\Application\Runtime\Cache\Home\b7d3977186b0d4a0bcf5c7c8743e7f6a.php 第 85 行.
NOTIC: [8] Undefined index: me_parentID D:\PHP-webapp\freeBicycle\Application\Runtime\Cache\Home\b7d3977186b0d4a0bcf5c7c8743e7f6a.php 第 85 行.
INFO: Run Behavior\ParseTemplateBehavior [ RunTime:0.091005s ]
INFO: [ view_parse ] --END-- [ RunTime:0.093006s ]
INFO: [ view_filter ] --START--
INFO: Run Behavior\WriteHtmlCacheBehavior [ RunTime:0.002000s ]
INFO: [ view_filter ] --END-- [ RunTime:0.003000s ]
INFO: [ app_end ] --START--
INFO: Run Behavior\ShowPageTraceBehavior [ RunTime:0.002000s ]
INFO: [ app_end ] --END-- [ RunTime:0.003000s ]

[ 2017-05-04T17:49:37+08:00 ] ::1 /freeBicycle/index.php/Home/Xujie/login
INFO: [ app_init ] --START--
INFO: Run Behavior\BuildLiteBehavior [ RunTime:0.000000s ]
INFO: [ app_init ] --END-- [ RunTime:0.002000s ]
INFO: [ app_begin ] --START--
INFO: Run Behavior\ReadHtmlCacheBehavior [ RunTime:0.001000s ]
INFO: [ app_begin ] --END-- [ RunTime:0.003001s ]
SQL: SHOW COLUMNS FROM `tb_admin` [ RunTime:0.0010s ]
SQL: SELECT * FROM `tb_admin` WHERE ( ad_account=1001 )  [ RunTime:0.0010s ]
SQL: SHOW COLUMNS FROM `tb_admin` [ RunTime:0.0010s ]
SQL: SELECT m.* FROM tb_admin ad,tb_menus m,tb_jurisdiction j WHERE ( ad.ad_id=j.ad_id and j.me_id=m.me_id and j.ad_id=1 )  [ RunTime:0.0010s ]
INFO: [ view_parse ] --START--
INFO: [ template_filter ] --START--
INFO: Run Behavior\ContentReplaceBehavior [ RunTime:0.001000s ]
INFO: [ template_filter ] --END-- [ RunTime:0.002000s ]
NOTIC: [8] Undefined index: me_parentID D:\PHP-webapp\freeBicycle\Application\Runtime\Cache\Home\b7d3977186b0d4a0bcf5c7c8743e7f6a.php 第 85 行.
NOTIC: [8] Undefined index: me_parentID D:\PHP-webapp\freeBicycle\Application\Runtime\Cache\Home\b7d3977186b0d4a0bcf5c7c8743e7f6a.php 第 85 行.
NOTIC: [8] Undefined index: me_parentID D:\PHP-webapp\freeBicycle\Application\Runtime\Cache\Home\b7d3977186b0d4a0bcf5c7c8743e7f6a.php 第 85 行.
NOTIC: [8] Undefined index: me_parentID D:\PHP-webapp\freeBicycle\Application\Runtime\Cache\Home\b7d3977186b0d4a0bcf5c7c8743e7f6a.php 第 85 行.
NOTIC: [8] Undefined index: me_parentID D:\PHP-webapp\freeBicycle\Application\Runtime\Cache\Home\b7d3977186b0d4a0bcf5c7c8743e7f6a.php 第 85 行.
NOTIC: [8] Undefined index: me_parentID D:\PHP-webapp\freeBicycle\Application\Runtime\Cache\Home\b7d3977186b0d4a0bcf5c7c8743e7f6a.php 第 85 行.
NOTIC: [8] Undefined index: me_parentID D:\PHP-webapp\freeBicycle\Application\Runtime\Cache\Home\b7d3977186b0d4a0bcf5c7c8743e7f6a.php 第 85 行.
NOTIC: [8] Undefined index: me_parentID D:\PHP-webapp\freeBicycle\Application\Runtime\Cache\Home\b7d3977186b0d4a0bcf5c7c8743e7f6a.php 第 85 行.
NOTIC: [8] Undefined index: me_parentID D:\PHP-webapp\freeBicycle\Application\Runtime\Cache\Home\b7d3977186b0d4a0bcf5c7c8743e7f6a.php 第 85 行.
NOTIC: [8] Undefined index: me_parentID D:\PHP-webapp\freeBicycle\Application\Runtime\Cache\Home\b7d3977186b0d4a0bcf5c7c8743e7f6a.php 第 85 行.
NOTIC: [8] Undefined index: me_parentID D:\PHP-webapp\freeBicycle\Application\Runtime\Cache\Home\b7d3977186b0d4a0bcf5c7c8743e7f6a.php 第 85 行.
NOTIC: [8] Undefined index: me_parentID D:\PHP-webapp\freeBicycle\Application\Runtime\Cache\Home\b7d3977186b0d4a0bcf5c7c8743e7f6a.php 第 85 行.
INFO: Run Behavior\ParseTemplateBehavior [ RunTime:0.073005s ]
INFO: [ view_parse ] --END-- [ RunTime:0.073005s ]
INFO: [ view_filter ] --START--
INFO: Run Behavior\WriteHtmlCacheBehavior [ RunTime:0.001000s ]
INFO: [ view_filter ] --END-- [ RunTime:0.002000s ]
INFO: [ app_end ] --START--
INFO: Run Behavior\ShowPageTraceBehavior [ RunTime:0.002000s ]
INFO: [ app_end ] --END-- [ RunTime:0.003000s ]

[ 2017-05-04T17:50:55+08:00 ] ::1 /freeBicycle/index.php/Home/Xujie/login
INFO: [ app_init ] --START--
INFO: Run Behavior\BuildLiteBehavior [ RunTime:0.000000s ]
INFO: [ app_init ] --END-- [ RunTime:0.002000s ]
INFO: [ app_begin ] --START--
INFO: Run Behavior\ReadHtmlCacheBehavior [ RunTime:0.001000s ]
INFO: [ app_begin ] --END-- [ RunTime:0.002000s ]
SQL: SHOW COLUMNS FROM `tb_admin` [ RunTime:0.0010s ]
SQL: SELECT * FROM `tb_admin` WHERE ( ad_account=1001 )  [ RunTime:0.0000s ]
SQL: SHOW COLUMNS FROM `tb_admin` [ RunTime:0.0020s ]
SQL: SELECT m.* FROM tb_admin ad,tb_menus m,tb_jurisdiction j WHERE ( ad.ad_id=j.ad_id and j.me_id=m.me_id and j.ad_id=1 )  [ RunTime:0.0010s ]
INFO: [ view_parse ] --START--
INFO: [ template_filter ] --START--
INFO: Run Behavior\ContentReplaceBehavior [ RunTime:0.000000s ]
INFO: [ template_filter ] --END-- [ RunTime:0.002000s ]
NOTIC: [8] Undefined index: me_parentID D:\PHP-webapp\freeBicycle\Application\Runtime\Cache\Home\b7d3977186b0d4a0bcf5c7c8743e7f6a.php 第 83 行.
NOTIC: [8] Undefined index: me_parentID D:\PHP-webapp\freeBicycle\Application\Runtime\Cache\Home\b7d3977186b0d4a0bcf5c7c8743e7f6a.php 第 83 行.
NOTIC: [8] Undefined index: me_parentID D:\PHP-webapp\freeBicycle\Application\Runtime\Cache\Home\b7d3977186b0d4a0bcf5c7c8743e7f6a.php 第 83 行.
NOTIC: [8] Undefined index: me_parentID D:\PHP-webapp\freeBicycle\Application\Runtime\Cache\Home\b7d3977186b0d4a0bcf5c7c8743e7f6a.php 第 83 行.
NOTIC: [8] Undefined index: me_parentID D:\PHP-webapp\freeBicycle\Application\Runtime\Cache\Home\b7d3977186b0d4a0bcf5c7c8743e7f6a.php 第 83 行.
NOTIC: [8] Undefined index: me_parentID D:\PHP-webapp\freeBicycle\Application\Runtime\Cache\Home\b7d3977186b0d4a0bcf5c7c8743e7f6a.php 第 83 行.
NOTIC: [8] Undefined index: me_parentID D:\PHP-webapp\freeBicycle\Application\Runtime\Cache\Home\b7d3977186b0d4a0bcf5c7c8743e7f6a.php 第 83 行.
NOTIC: [8] Undefined index: me_parentID D:\PHP-webapp\freeBicycle\Application\Runtime\Cache\Home\b7d3977186b0d4a0bcf5c7c8743e7f6a.php 第 83 行.
NOTIC: [8] Undefined index: me_parentID D:\PHP-webapp\freeBicycle\Application\Runtime\Cache\Home\b7d3977186b0d4a0bcf5c7c8743e7f6a.php 第 83 行.
NOTIC: [8] Undefined index: me_parentID D:\PHP-webapp\freeBicycle\Application\Runtime\Cache\Home\b7d3977186b0d4a0bcf5c7c8743e7f6a.php 第 83 行.
NOTIC: [8] Undefined index: me_parentID D:\PHP-webapp\freeBicycle\Application\Runtime\Cache\Home\b7d3977186b0d4a0bcf5c7c8743e7f6a.php 第 83 行.
NOTIC: [8] Undefined index: me_parentID D:\PHP-webapp\freeBicycle\Application\Runtime\Cache\Home\b7d3977186b0d4a0bcf5c7c8743e7f6a.php 第 83 行.
NOTIC: [8] Undefined index: me_parentID D:\PHP-webapp\freeBicycle\Application\Runtime\Cache\Home\b7d3977186b0d4a0bcf5c7c8743e7f6a.php 第 83 行.
NOTIC: [8] Undefined index: me_parentID D:\PHP-webapp\freeBicycle\Application\Runtime\Cache\Home\b7d3977186b0d4a0bcf5c7c8743e7f6a.php 第 83 行.
NOTIC: [8] Undefined index: me_parentID D:\PHP-webapp\freeBicycle\Application\Runtime\Cache\Home\b7d3977186b0d4a0bcf5c7c8743e7f6a.php 第 83 行.
NOTIC: [8] Undefined index: me_parentID D:\PHP-webapp\freeBicycle\Application\Runtime\Cache\Home\b7d3977186b0d4a0bcf5c7c8743e7f6a.php 第 83 行.
NOTIC: [8] Undefined index: me_parentID D:\PHP-webapp\freeBicycle\Application\Runtime\Cache\Home\b7d3977186b0d4a0bcf5c7c8743e7f6a.php 第 83 行.
NOTIC: [8] Undefined index: me_parentID D:\PHP-webapp\freeBicycle\Application\Runtime\Cache\Home\b7d3977186b0d4a0bcf5c7c8743e7f6a.php 第 83 行.
NOTIC: [8] Undefined index: me_parentID D:\PHP-webapp\freeBicycle\Application\Runtime\Cache\Home\b7d3977186b0d4a0bcf5c7c8743e7f6a.php 第 83 行.
NOTIC: [8] Undefined index: me_parentID D:\PHP-webapp\freeBicycle\Application\Runtime\Cache\Home\b7d3977186b0d4a0bcf5c7c8743e7f6a.php 第 83 行.
NOTIC: [8] Undefined index: me_parentID D:\PHP-webapp\freeBicycle\Application\Runtime\Cache\Home\b7d3977186b0d4a0bcf5c7c8743e7f6a.php 第 83 行.
NOTIC: [8] Undefined index: me_parentID D:\PHP-webapp\freeBicycle\Application\Runtime\Cache\Home\b7d3977186b0d4a0bcf5c7c8743e7f6a.php 第 83 行.
NOTIC: [8] Undefined index: me_parentID D:\PHP-webapp\freeBicycle\Application\Runtime\Cache\Home\b7d3977186b0d4a0bcf5c7c8743e7f6a.php 第 83 行.
NOTIC: [8] Undefined index: me_parentID D:\PHP-webapp\freeBicycle\Application\Runtime\Cache\Home\b7d3977186b0d4a0bcf5c7c8743e7f6a.php 第 83 行.
NOTIC: [8] Undefined index: me_parentID D:\PHP-webapp\freeBicycle\Application\Runtime\Cache\Home\b7d3977186b0d4a0bcf5c7c8743e7f6a.php 第 83 行.
NOTIC: [8] Undefined index: me_parentID D:\PHP-webapp\freeBicycle\Application\Runtime\Cache\Home\b7d3977186b0d4a0bcf5c7c8743e7f6a.php 第 83 行.
NOTIC: [8] Undefined index: me_parentID D:\PHP-webapp\freeBicycle\Application\Runtime\Cache\Home\b7d3977186b0d4a0bcf5c7c8743e7f6a.php 第 83 行.
NOTIC: [8] Undefined index: me_parentID D:\PHP-webapp\freeBicycle\Application\Runtime\Cache\Home\b7d3977186b0d4a0bcf5c7c8743e7f6a.php 第 83 行.
NOTIC: [8] Undefined index: me_parentID D:\PHP-webapp\freeBicycle\Application\Runtime\Cache\Home\b7d3977186b0d4a0bcf5c7c8743e7f6a.php 第 83 行.
NOTIC: [8] Undefined index: me_parentID D:\PHP-webapp\freeBicycle\Application\Runtime\Cache\Home\b7d3977186b0d4a0bcf5c7c8743e7f6a.php 第 83 行.
NOTIC: [8] Undefined index: me_parentID D:\PHP-webapp\freeBicycle\Application\Runtime\Cache\Home\b7d3977186b0d4a0bcf5c7c8743e7f6a.php 第 83 行.
NOTIC: [8] Undefined index: me_parentID D:\PHP-webapp\freeBicycle\Application\Runtime\Cache\Home\b7d3977186b0d4a0bcf5c7c8743e7f6a.php 第 83 行.
NOTIC: [8] Undefined index: me_parentID D:\PHP-webapp\freeBicycle\Application\Runtime\Cache\Home\b7d3977186b0d4a0bcf5c7c8743e7f6a.php 第 83 行.
NOTIC: [8] Undefined index: me_parentID D:\PHP-webapp\freeBicycle\Application\Runtime\Cache\Home\b7d3977186b0d4a0bcf5c7c8743e7f6a.php 第 83 行.
NOTIC: [8] Undefined index: me_parentID D:\PHP-webapp\freeBicycle\Application\Runtime\Cache\Home\b7d3977186b0d4a0bcf5c7c8743e7f6a.php 第 83 行.
NOTIC: [8] Undefined index: me_parentID D:\PHP-webapp\freeBicycle\Application\Runtime\Cache\Home\b7d3977186b0d4a0bcf5c7c8743e7f6a.php 第 83 行.
INFO: Run Behavior\ParseTemplateBehavior [ RunTime:0.084005s ]
INFO: [ view_parse ] --END-- [ RunTime:0.086005s ]
INFO: [ view_filter ] --START--
INFO: Run Behavior\WriteHtmlCacheBehavior [ RunTime:0.001000s ]
INFO: [ view_filter ] --END-- [ RunTime:0.002000s ]
INFO: [ app_end ] --START--
INFO: Run Behavior\ShowPageTraceBehavior [ RunTime:0.001000s ]
INFO: [ app_end ] --END-- [ RunTime:0.002000s ]

[ 2017-05-04T17:51:08+08:00 ] ::1 /freeBicycle/index.php/Home/Xujie/login
INFO: [ app_init ] --START--
INFO: Run Behavior\BuildLiteBehavior [ RunTime:0.000000s ]
INFO: [ app_init ] --END-- [ RunTime:0.003000s ]
INFO: [ app_begin ] --START--
INFO: Run Behavior\ReadHtmlCacheBehavior [ RunTime:0.001000s ]
INFO: [ app_begin ] --END-- [ RunTime:0.003000s ]
SQL: SHOW COLUMNS FROM `tb_admin` [ RunTime:0.0020s ]
SQL: SELECT * FROM `tb_admin` WHERE ( ad_account=1001 )  [ RunTime:0.0000s ]
SQL: SHOW COLUMNS FROM `tb_admin` [ RunTime:0.0020s ]
SQL: SELECT m.* FROM tb_admin ad,tb_menus m,tb_jurisdiction j WHERE ( ad.ad_id=j.ad_id and j.me_id=m.me_id and j.ad_id=1 )  [ RunTime:0.0000s ]
INFO: [ view_parse ] --START--
INFO: [ template_filter ] --START--
INFO: Run Behavior\ContentReplaceBehavior [ RunTime:0.001000s ]
INFO: [ template_filter ] --END-- [ RunTime:0.002000s ]
NOTIC: [8] Undefined index: me_parentID D:\PHP-webapp\freeBicycle\Application\Runtime\Cache\Home\b7d3977186b0d4a0bcf5c7c8743e7f6a.php 第 83 行.
NOTIC: [8] Undefined index: me_parentID D:\PHP-webapp\freeBicycle\Application\Runtime\Cache\Home\b7d3977186b0d4a0bcf5c7c8743e7f6a.php 第 83 行.
NOTIC: [8] Undefined index: me_parentID D:\PHP-webapp\freeBicycle\Application\Runtime\Cache\Home\b7d3977186b0d4a0bcf5c7c8743e7f6a.php 第 83 行.
NOTIC: [8] Undefined index: me_parentID D:\PHP-webapp\freeBicycle\Application\Runtime\Cache\Home\b7d3977186b0d4a0bcf5c7c8743e7f6a.php 第 83 行.
NOTIC: [8] Undefined index: me_parentID D:\PHP-webapp\freeBicycle\Application\Runtime\Cache\Home\b7d3977186b0d4a0bcf5c7c8743e7f6a.php 第 83 行.
NOTIC: [8] Undefined index: me_parentID D:\PHP-webapp\freeBicycle\Application\Runtime\Cache\Home\b7d3977186b0d4a0bcf5c7c8743e7f6a.php 第 83 行.
NOTIC: [8] Undefined index: me_parentID D:\PHP-webapp\freeBicycle\Application\Runtime\Cache\Home\b7d3977186b0d4a0bcf5c7c8743e7f6a.php 第 83 行.
NOTIC: [8] Undefined index: me_parentID D:\PHP-webapp\freeBicycle\Application\Runtime\Cache\Home\b7d3977186b0d4a0bcf5c7c8743e7f6a.php 第 83 行.
NOTIC: [8] Undefined index: me_parentID D:\PHP-webapp\freeBicycle\Application\Runtime\Cache\Home\b7d3977186b0d4a0bcf5c7c8743e7f6a.php 第 83 行.
NOTIC: [8] Undefined index: me_parentID D:\PHP-webapp\freeBicycle\Application\Runtime\Cache\Home\b7d3977186b0d4a0bcf5c7c8743e7f6a.php 第 83 行.
NOTIC: [8] Undefined index: me_parentID D:\PHP-webapp\freeBicycle\Application\Runtime\Cache\Home\b7d3977186b0d4a0bcf5c7c8743e7f6a.php 第 83 行.
NOTIC: [8] Undefined index: me_parentID D:\PHP-webapp\freeBicycle\Application\Runtime\Cache\Home\b7d3977186b0d4a0bcf5c7c8743e7f6a.php 第 83 行.
NOTIC: [8] Undefined index: me_parentID D:\PHP-webapp\freeBicycle\Application\Runtime\Cache\Home\b7d3977186b0d4a0bcf5c7c8743e7f6a.php 第 83 行.
NOTIC: [8] Undefined index: me_parentID D:\PHP-webapp\freeBicycle\Application\Runtime\Cache\Home\b7d3977186b0d4a0bcf5c7c8743e7f6a.php 第 83 行.
NOTIC: [8] Undefined index: me_parentID D:\PHP-webapp\freeBicycle\Application\Runtime\Cache\Home\b7d3977186b0d4a0bcf5c7c8743e7f6a.php 第 83 行.
NOTIC: [8] Undefined index: me_parentID D:\PHP-webapp\freeBicycle\Application\Runtime\Cache\Home\b7d3977186b0d4a0bcf5c7c8743e7f6a.php 第 83 行.
NOTIC: [8] Undefined index: me_parentID D:\PHP-webapp\freeBicycle\Application\Runtime\Cache\Home\b7d3977186b0d4a0bcf5c7c8743e7f6a.php 第 83 行.
NOTIC: [8] Undefined index: me_parentID D:\PHP-webapp\freeBicycle\Application\Runtime\Cache\Home\b7d3977186b0d4a0bcf5c7c8743e7f6a.php 第 83 行.
NOTIC: [8] Undefined index: me_parentID D:\PHP-webapp\freeBicycle\Application\Runtime\Cache\Home\b7d3977186b0d4a0bcf5c7c8743e7f6a.php 第 83 行.
NOTIC: [8] Undefined index: me_parentID D:\PHP-webapp\freeBicycle\Application\Runtime\Cache\Home\b7d3977186b0d4a0bcf5c7c8743e7f6a.php 第 83 行.
NOTIC: [8] Undefined index: me_parentID D:\PHP-webapp\freeBicycle\Application\Runtime\Cache\Home\b7d3977186b0d4a0bcf5c7c8743e7f6a.php 第 83 行.
NOTIC: [8] Undefined index: me_parentID D:\PHP-webapp\freeBicycle\Application\Runtime\Cache\Home\b7d3977186b0d4a0bcf5c7c8743e7f6a.php 第 83 行.
NOTIC: [8] Undefined index: me_parentID D:\PHP-webapp\freeBicycle\Application\Runtime\Cache\Home\b7d3977186b0d4a0bcf5c7c8743e7f6a.php 第 83 行.
NOTIC: [8] Undefined index: me_parentID D:\PHP-webapp\freeBicycle\Application\Runtime\Cache\Home\b7d3977186b0d4a0bcf5c7c8743e7f6a.php 第 83 行.
NOTIC: [8] Undefined index: me_parentID D:\PHP-webapp\freeBicycle\Application\Runtime\Cache\Home\b7d3977186b0d4a0bcf5c7c8743e7f6a.php 第 83 行.
NOTIC: [8] Undefined index: me_parentID D:\PHP-webapp\freeBicycle\Application\Runtime\Cache\Home\b7d3977186b0d4a0bcf5c7c8743e7f6a.php 第 83 行.
NOTIC: [8] Undefined index: me_parentID D:\PHP-webapp\freeBicycle\Application\Runtime\Cache\Home\b7d3977186b0d4a0bcf5c7c8743e7f6a.php 第 83 行.
NOTIC: [8] Undefined index: me_parentID D:\PHP-webapp\freeBicycle\Application\Runtime\Cache\Home\b7d3977186b0d4a0bcf5c7c8743e7f6a.php 第 83 行.
NOTIC: [8] Undefined index: me_parentID D:\PHP-webapp\freeBicycle\Application\Runtime\Cache\Home\b7d3977186b0d4a0bcf5c7c8743e7f6a.php 第 83 行.
NOTIC: [8] Undefined index: me_parentID D:\PHP-webapp\freeBicycle\Application\Runtime\Cache\Home\b7d3977186b0d4a0bcf5c7c8743e7f6a.php 第 83 行.
NOTIC: [8] Undefined index: me_parentID D:\PHP-webapp\freeBicycle\Application\Runtime\Cache\Home\b7d3977186b0d4a0bcf5c7c8743e7f6a.php 第 83 行.
NOTIC: [8] Undefined index: me_parentID D:\PHP-webapp\freeBicycle\Application\Runtime\Cache\Home\b7d3977186b0d4a0bcf5c7c8743e7f6a.php 第 83 行.
NOTIC: [8] Undefined index: me_parentID D:\PHP-webapp\freeBicycle\Application\Runtime\Cache\Home\b7d3977186b0d4a0bcf5c7c8743e7f6a.php 第 83 行.
NOTIC: [8] Undefined index: me_parentID D:\PHP-webapp\freeBicycle\Application\Runtime\Cache\Home\b7d3977186b0d4a0bcf5c7c8743e7f6a.php 第 83 行.
NOTIC: [8] Undefined index: me_parentID D:\PHP-webapp\freeBicycle\Application\Runtime\Cache\Home\b7d3977186b0d4a0bcf5c7c8743e7f6a.php 第 83 行.
NOTIC: [8] Undefined index: me_parentID D:\PHP-webapp\freeBicycle\Application\Runtime\Cache\Home\b7d3977186b0d4a0bcf5c7c8743e7f6a.php 第 83 行.
NOTIC: [8] Undefined index: me_parentID D:\PHP-webapp\freeBicycle\Application\Runtime\Cache\Home\b7d3977186b0d4a0bcf5c7c8743e7f6a.php 第 83 行.
NOTIC: [8] Undefined index: me_parentID D:\PHP-webapp\freeBicycle\Application\Runtime\Cache\Home\b7d3977186b0d4a0bcf5c7c8743e7f6a.php 第 83 行.
NOTIC: [8] Undefined index: me_parentID D:\PHP-webapp\freeBicycle\Application\Runtime\Cache\Home\b7d3977186b0d4a0bcf5c7c8743e7f6a.php 第 83 行.
NOTIC: [8] Undefined index: me_parentID D:\PHP-webapp\freeBicycle\Application\Runtime\Cache\Home\b7d3977186b0d4a0bcf5c7c8743e7f6a.php 第 83 行.
NOTIC: [8] Undefined index: me_parentID D:\PHP-webapp\freeBicycle\Application\Runtime\Cache\Home\b7d3977186b0d4a0bcf5c7c8743e7f6a.php 第 83 行.
NOTIC: [8] Undefined index: me_parentID D:\PHP-webapp\freeBicycle\Application\Runtime\Cache\Home\b7d3977186b0d4a0bcf5c7c8743e7f6a.php 第 83 行.
NOTIC: [8] Undefined index: me_parentID D:\PHP-webapp\freeBicycle\Application\Runtime\Cache\Home\b7d3977186b0d4a0bcf5c7c8743e7f6a.php 第 83 行.
NOTIC: [8] Undefined index: me_parentID D:\PHP-webapp\freeBicycle\Application\Runtime\Cache\Home\b7d3977186b0d4a0bcf5c7c8743e7f6a.php 第 83 行.
NOTIC: [8] Undefined index: me_parentID D:\PHP-webapp\freeBicycle\Application\Runtime\Cache\Home\b7d3977186b0d4a0bcf5c7c8743e7f6a.php 第 83 行.
NOTIC: [8] Undefined index: me_parentID D:\PHP-webapp\freeBicycle\Application\Runtime\Cache\Home\b7d3977186b0d4a0bcf5c7c8743e7f6a.php 第 83 行.
NOTIC: [8] Undefined index: me_parentID D:\PHP-webapp\freeBicycle\Application\Runtime\Cache\Home\b7d3977186b0d4a0bcf5c7c8743e7f6a.php 第 83 行.
NOTIC: [8] Undefined index: me_parentID D:\PHP-webapp\freeBicycle\Application\Runtime\Cache\Home\b7d3977186b0d4a0bcf5c7c8743e7f6a.php 第 83 行.
NOTIC: [8] Undefined index: me_parentID D:\PHP-webapp\freeBicycle\Application\Runtime\Cache\Home\b7d3977186b0d4a0bcf5c7c8743e7f6a.php 第 83 行.
NOTIC: [8] Undefined index: me_parentID D:\PHP-webapp\freeBicycle\Application\Runtime\Cache\Home\b7d3977186b0d4a0bcf5c7c8743e7f6a.php 第 83 行.
NOTIC: [8] Undefined index: me_parentID D:\PHP-webapp\freeBicycle\Application\Runtime\Cache\Home\b7d3977186b0d4a0bcf5c7c8743e7f6a.php 第 83 行.
NOTIC: [8] Undefined index: me_parentID D:\PHP-webapp\freeBicycle\Application\Runtime\Cache\Home\b7d3977186b0d4a0bcf5c7c8743e7f6a.php 第 83 行.
NOTIC: [8] Undefined index: me_parentID D:\PHP-webapp\freeBicycle\Application\Runtime\Cache\Home\b7d3977186b0d4a0bcf5c7c8743e7f6a.php 第 83 行.
NOTIC: [8] Undefined index: me_parentID D:\PHP-webapp\freeBicycle\Application\Runtime\Cache\Home\b7d3977186b0d4a0bcf5c7c8743e7f6a.php 第 83 行.
NOTIC: [8] Undefined index: me_parentID D:\PHP-webapp\freeBicycle\Application\Runtime\Cache\Home\b7d3977186b0d4a0bcf5c7c8743e7f6a.php 第 83 行.
NOTIC: [8] Undefined index: me_parentID D:\PHP-webapp\freeBicycle\Application\Runtime\Cache\Home\b7d3977186b0d4a0bcf5c7c8743e7f6a.php 第 83 行.
NOTIC: [8] Undefined index: me_parentID D:\PHP-webapp\freeBicycle\Application\Runtime\Cache\Home\b7d3977186b0d4a0bcf5c7c8743e7f6a.php 第 83 行.
NOTIC: [8] Undefined index: me_parentID D:\PHP-webapp\freeBicycle\Application\Runtime\Cache\Home\b7d3977186b0d4a0bcf5c7c8743e7f6a.php 第 83 行.
NOTIC: [8] Undefined index: me_parentID D:\PHP-webapp\freeBicycle\Application\Runtime\Cache\Home\b7d3977186b0d4a0bcf5c7c8743e7f6a.php 第 83 行.
NOTIC: [8] Undefined index: me_parentID D:\PHP-webapp\freeBicycle\Application\Runtime\Cache\Home\b7d3977186b0d4a0bcf5c7c8743e7f6a.php 第 83 行.
NOTIC: [8] Undefined index: me_parentID D:\PHP-webapp\freeBicycle\Application\Runtime\Cache\Home\b7d3977186b0d4a0bcf5c7c8743e7f6a.php 第 83 行.
NOTIC: [8] Undefined index: me_parentID D:\PHP-webapp\freeBicycle\Application\Runtime\Cache\Home\b7d3977186b0d4a0bcf5c7c8743e7f6a.php 第 83 行.
NOTIC: [8] Undefined index: me_parentID D:\PHP-webapp\freeBicycle\Application\Runtime\Cache\Home\b7d3977186b0d4a0bcf5c7c8743e7f6a.php 第 83 行.
NOTIC: [8] Undefined index: me_parentID D:\PHP-webapp\freeBicycle\Application\Runtime\Cache\Home\b7d3977186b0d4a0bcf5c7c8743e7f6a.php 第 83 行.
NOTIC: [8] Undefined index: me_parentID D:\PHP-webapp\freeBicycle\Application\Runtime\Cache\Home\b7d3977186b0d4a0bcf5c7c8743e7f6a.php 第 83 行.
NOTIC: [8] Undefined index: me_parentID D:\PHP-webapp\freeBicycle\Application\Runtime\Cache\Home\b7d3977186b0d4a0bcf5c7c8743e7f6a.php 第 83 行.
NOTIC: [8] Undefined index: me_parentID D:\PHP-webapp\freeBicycle\Application\Runtime\Cache\Home\b7d3977186b0d4a0bcf5c7c8743e7f6a.php 第 83 行.
NOTIC: [8] Undefined index: me_parentID D:\PHP-webapp\freeBicycle\Application\Runtime\Cache\Home\b7d3977186b0d4a0bcf5c7c8743e7f6a.php 第 83 行.
NOTIC: [8] Undefined index: me_parentID D:\PHP-webapp\freeBicycle\Application\Runtime\Cache\Home\b7d3977186b0d4a0bcf5c7c8743e7f6a.php 第 83 行.
NOTIC: [8] Undefined index: me_parentID D:\PHP-webapp\freeBicycle\Application\Runtime\Cache\Home\b7d3977186b0d4a0bcf5c7c8743e7f6a.php 第 83 行.
NOTIC: [8] Undefined index: me_parentID D:\PHP-webapp\freeBicycle\Application\Runtime\Cache\Home\b7d3977186b0d4a0bcf5c7c8743e7f6a.php 第 83 行.
NOTIC: [8] Undefined index: me_parentID D:\PHP-webapp\freeBicycle\Application\Runtime\Cache\Home\b7d3977186b0d4a0bcf5c7c8743e7f6a.php 第 83 行.
NOTIC: [8] Undefined index: me_parentID D:\PHP-webapp\freeBicycle\Application\Runtime\Cache\Home\b7d3977186b0d4a0bcf5c7c8743e7f6a.php 第 83 行.
NOTIC: [8] Undefined index: me_parentID D:\PHP-webapp\freeBicycle\Application\Runtime\Cache\Home\b7d3977186b0d4a0bcf5c7c8743e7f6a.php 第 83 行.
NOTIC: [8] Undefined index: me_parentID D:\PHP-webapp\freeBicycle\Application\Runtime\Cache\Home\b7d3977186b0d4a0bcf5c7c8743e7f6a.php 第 83 行.
NOTIC: [8] Undefined index: me_parentID D:\PHP-webapp\freeBicycle\Application\Runtime\Cache\Home\b7d3977186b0d4a0bcf5c7c8743e7f6a.php 第 83 行.
NOTIC: [8] Undefined index: me_parentID D:\PHP-webapp\freeBicycle\Application\Runtime\Cache\Home\b7d3977186b0d4a0bcf5c7c8743e7f6a.php 第 83 行.
NOTIC: [8] Undefined index: me_parentID D:\PHP-webapp\freeBicycle\Application\Runtime\Cache\Home\b7d3977186b0d4a0bcf5c7c8743e7f6a.php 第 83 行.
NOTIC: [8] Undefined index: me_parentID D:\PHP-webapp\freeBicycle\Application\Runtime\Cache\Home\b7d3977186b0d4a0bcf5c7c8743e7f6a.php 第 83 行.
NOTIC: [8] Undefined index: me_parentID D:\PHP-webapp\freeBicycle\Application\Runtime\Cache\Home\b7d3977186b0d4a0bcf5c7c8743e7f6a.php 第 83 行.
NOTIC: [8] Undefined index: me_parentID D:\PHP-webapp\freeBicycle\Application\Runtime\Cache\Home\b7d3977186b0d4a0bcf5c7c8743e7f6a.php 第 83 行.
NOTIC: [8] Undefined index: me_parentID D:\PHP-webapp\freeBicycle\Application\Runtime\Cache\Home\b7d3977186b0d4a0bcf5c7c8743e7f6a.php 第 83 行.
NOTIC: [8] Undefined index: me_parentID D:\PHP-webapp\freeBicycle\Application\Runtime\Cache\Home\b7d3977186b0d4a0bcf5c7c8743e7f6a.php 第 83 行.
NOTIC: [8] Undefined index: me_parentID D:\PHP-webapp\freeBicycle\Application\Runtime\Cache\Home\b7d3977186b0d4a0bcf5c7c8743e7f6a.php 第 83 行.
NOTIC: [8] Undefined index: me_parentID D:\PHP-webapp\freeBicycle\Application\Runtime\Cache\Home\b7d3977186b0d4a0bcf5c7c8743e7f6a.php 第 83 行.
NOTIC: [8] Undefined index: me_parentID D:\PHP-webapp\freeBicycle\Application\Runtime\Cache\Home\b7d3977186b0d4a0bcf5c7c8743e7f6a.php 第 83 行.
NOTIC: [8] Undefined index: me_parentID D:\PHP-webapp\freeBicycle\Application\Runtime\Cache\Home\b7d3977186b0d4a0bcf5c7c8743e7f6a.php 第 83 行.
NOTIC: [8] Undefined index: me_parentID D:\PHP-webapp\freeBicycle\Application\Runtime\Cache\Home\b7d3977186b0d4a0bcf5c7c8743e7f6a.php 第 83 行.
NOTIC: [8] Undefined index: me_parentID D:\PHP-webapp\freeBicycle\Application\Runtime\Cache\Home\b7d3977186b0d4a0bcf5c7c8743e7f6a.php 第 83 行.
NOTIC: [8] Undefined index: me_parentID D:\PHP-webapp\freeBicycle\Application\Runtime\Cache\Home\b7d3977186b0d4a0bcf5c7c8743e7f6a.php 第 83 行.
NOTIC: [8] Undefined index: me_parentID D:\PHP-webapp\freeBicycle\Application\Runtime\Cache\Home\b7d3977186b0d4a0bcf5c7c8743e7f6a.php 第 83 行.
NOTIC: [8] Undefined index: me_parentID D:\PHP-webapp\freeBicycle\Application\Runtime\Cache\Home\b7d3977186b0d4a0bcf5c7c8743e7f6a.php 第 83 行.
NOTIC: [8] Undefined index: me_parentID D:\PHP-webapp\freeBicycle\Application\Runtime\Cache\Home\b7d3977186b0d4a0bcf5c7c8743e7f6a.php 第 83 行.
NOTIC: [8] Undefined index: me_parentID D:\PHP-webapp\freeBicycle\Application\Runtime\Cache\Home\b7d3977186b0d4a0bcf5c7c8743e7f6a.php 第 83 行.
NOTIC: [8] Undefined index: me_parentID D:\PHP-webapp\freeBicycle\Application\Runtime\Cache\Home\b7d3977186b0d4a0bcf5c7c8743e7f6a.php 第 83 行.
NOTIC: [8] Undefined index: me_parentID D:\PHP-webapp\freeBicycle\Application\Runtime\Cache\Home\b7d3977186b0d4a0bcf5c7c8743e7f6a.php 第 83 行.
NOTIC: [8] Undefined index: me_parentID D:\PHP-webapp\freeBicycle\Application\Runtime\Cache\Home\b7d3977186b0d4a0bcf5c7c8743e7f6a.php 第 83 行.
NOTIC: [8] Undefined index: me_parentID D:\PHP-webapp\freeBicycle\Application\Runtime\Cache\Home\b7d3977186b0d4a0bcf5c7c8743e7f6a.php 第 83 行.
NOTIC: [8] Undefined index: me_parentID D:\PHP-webapp\freeBicycle\Application\Runtime\Cache\Home\b7d3977186b0d4a0bcf5c7c8743e7f6a.php 第 83 行.
NOTIC: [8] Undefined index: me_parentID D:\PHP-webapp\freeBicycle\Application\Runtime\Cache\Home\b7d3977186b0d4a0bcf5c7c8743e7f6a.php 第 83 行.
NOTIC: [8] Undefined index: me_parentID D:\PHP-webapp\freeBicycle\Application\Runtime\Cache\Home\b7d3977186b0d4a0bcf5c7c8743e7f6a.php 第 83 行.
NOTIC: [8] Undefined index: me_parentID D:\PHP-webapp\freeBicycle\Application\Runtime\Cache\Home\b7d3977186b0d4a0bcf5c7c8743e7f6a.php 第 83 行.
NOTIC: [8] Undefined index: me_parentID D:\PHP-webapp\freeBicycle\Application\Runtime\Cache\Home\b7d3977186b0d4a0bcf5c7c8743e7f6a.php 第 83 行.
NOTIC: [8] Undefined index: me_parentID D:\PHP-webapp\freeBicycle\Application\Runtime\Cache\Home\b7d3977186b0d4a0bcf5c7c8743e7f6a.php 第 83 行.
NOTIC: [8] Undefined index: me_parentID D:\PHP-webapp\freeBicycle\Application\Runtime\Cache\Home\b7d3977186b0d4a0bcf5c7c8743e7f6a.php 第 83 行.
NOTIC: [8] Undefined index: me_parentID D:\PHP-webapp\freeBicycle\Application\Runtime\Cache\Home\b7d3977186b0d4a0bcf5c7c8743e7f6a.php 第 83 行.
NOTIC: [8] Undefined index: me_parentID D:\PHP-webapp\freeBicycle\Application\Runtime\Cache\Home\b7d3977186b0d4a0bcf5c7c8743e7f6a.php 第 83 行.
NOTIC: [8] Undefined index: me_parentID D:\PHP-webapp\freeBicycle\Application\Runtime\Cache\Home\b7d3977186b0d4a0bcf5c7c8743e7f6a.php 第 83 行.
NOTIC: [8] Undefined index: me_parentID D:\PHP-webapp\freeBicycle\Application\Runtime\Cache\Home\b7d3977186b0d4a0bcf5c7c8743e7f6a.php 第 83 行.
NOTIC: [8] Undefined index: me_parentID D:\PHP-webapp\freeBicycle\Application\Runtime\Cache\Home\b7d3977186b0d4a0bcf5c7c8743e7f6a.php 第 83 行.
NOTIC: [8] Undefined index: me_parentID D:\PHP-webapp\freeBicycle\Application\Runtime\Cache\Home\b7d3977186b0d4a0bcf5c7c8743e7f6a.php 第 83 行.
NOTIC: [8] Undefined index: me_parentID D:\PHP-webapp\freeBicycle\Application\Runtime\Cache\Home\b7d3977186b0d4a0bcf5c7c8743e7f6a.php 第 83 行.
NOTIC: [8] Undefined index: me_parentID D:\PHP-webapp\freeBicycle\Application\Runtime\Cache\Home\b7d3977186b0d4a0bcf5c7c8743e7f6a.php 第 83 行.
NOTIC: [8] Undefined index: me_parentID D:\PHP-webapp\freeBicycle\Application\Runtime\Cache\Home\b7d3977186b0d4a0bcf5c7c8743e7f6a.php 第 83 行.
NOTIC: [8] Undefined index: me_parentID D:\PHP-webapp\freeBicycle\Application\Runtime\Cache\Home\b7d3977186b0d4a0bcf5c7c8743e7f6a.php 第 83 行.
NOTIC: [8] Undefined index: me_parentID D:\PHP-webapp\freeBicycle\Application\Runtime\Cache\Home\b7d3977186b0d4a0bcf5c7c8743e7f6a.php 第 83 行.
NOTIC: [8] Undefined index: me_parentID D:\PHP-webapp\freeBicycle\Application\Runtime\Cache\Home\b7d3977186b0d4a0bcf5c7c8743e7f6a.php 第 83 行.
NOTIC: [8] Undefined index: me_parentID D:\PHP-webapp\freeBicycle\Application\Runtime\Cache\Home\b7d3977186b0d4a0bcf5c7c8743e7f6a.php 第 83 行.
NOTIC: [8] Undefined index: me_parentID D:\PHP-webapp\freeBicycle\Application\Runtime\Cache\Home\b7d3977186b0d4a0bcf5c7c8743e7f6a.php 第 83 行.
NOTIC: [8] Undefined index: me_parentID D:\PHP-webapp\freeBicycle\Application\Runtime\Cache\Home\b7d3977186b0d4a0bcf5c7c8743e7f6a.php 第 83 行.
NOTIC: [8] Undefined index: me_parentID D:\PHP-webapp\freeBicycle\Application\Runtime\Cache\Home\b7d3977186b0d4a0bcf5c7c8743e7f6a.php 第 83 行.
NOTIC: [8] Undefined index: me_parentID D:\PHP-webapp\freeBicycle\Application\Runtime\Cache\Home\b7d3977186b0d4a0bcf5c7c8743e7f6a.php 第 83 行.
NOTIC: [8] Undefined index: me_parentID D:\PHP-webapp\freeBicycle\Application\Runtime\Cache\Home\b7d3977186b0d4a0bcf5c7c8743e7f6a.php 第 83 行.
NOTIC: [8] Undefined index: me_parentID D:\PHP-webapp\freeBicycle\Application\Runtime\Cache\Home\b7d3977186b0d4a0bcf5c7c8743e7f6a.php 第 83 行.
NOTIC: [8] Undefined index: me_parentID D:\PHP-webapp\freeBicycle\Application\Runtime\Cache\Home\b7d3977186b0d4a0bcf5c7c8743e7f6a.php 第 83 行.
NOTIC: [8] Undefined index: me_parentID D:\PHP-webapp\freeBicycle\Application\Runtime\Cache\Home\b7d3977186b0d4a0bcf5c7c8743e7f6a.php 第 83 行.
NOTIC: [8] Undefined index: me_parentID D:\PHP-webapp\freeBicycle\Application\Runtime\Cache\Home\b7d3977186b0d4a0bcf5c7c8743e7f6a.php 第 83 行.
NOTIC: [8] Undefined index: me_parentID D:\PHP-webapp\freeBicycle\Application\Runtime\Cache\Home\b7d3977186b0d4a0bcf5c7c8743e7f6a.php 第 83 行.
NOTIC: [8] Undefined index: me_parentID D:\PHP-webapp\freeBicycle\Application\Runtime\Cache\Home\b7d3977186b0d4a0bcf5c7c8743e7f6a.php 第 83 行.
NOTIC: [8] Undefined index: me_parentID D:\PHP-webapp\freeBicycle\Application\Runtime\Cache\Home\b7d3977186b0d4a0bcf5c7c8743e7f6a.php 第 83 行.
NOTIC: [8] Undefined index: me_parentID D:\PHP-webapp\freeBicycle\Application\Runtime\Cache\Home\b7d3977186b0d4a0bcf5c7c8743e7f6a.php 第 83 行.
NOTIC: [8] Undefined index: me_parentID D:\PHP-webapp\freeBicycle\Application\Runtime\Cache\Home\b7d3977186b0d4a0bcf5c7c8743e7f6a.php 第 83 行.
NOTIC: [8] Undefined index: me_parentID D:\PHP-webapp\freeBicycle\Application\Runtime\Cache\Home\b7d3977186b0d4a0bcf5c7c8743e7f6a.php 第 83 行.
NOTIC: [8] Undefined index: me_parentID D:\PHP-webapp\freeBicycle\Application\Runtime\Cache\Home\b7d3977186b0d4a0bcf5c7c8743e7f6a.php 第 83 行.
NOTIC: [8] Undefined index: me_parentID D:\PHP-webapp\freeBicycle\Application\Runtime\Cache\Home\b7d3977186b0d4a0bcf5c7c8743e7f6a.php 第 83 行.
NOTIC: [8] Undefined index: me_parentID D:\PHP-webapp\freeBicycle\Application\Runtime\Cache\Home\b7d3977186b0d4a0bcf5c7c8743e7f6a.php 第 83 行.
NOTIC: [8] Undefined index: me_parentID D:\PHP-webapp\freeBicycle\Application\Runtime\Cache\Home\b7d3977186b0d4a0bcf5c7c8743e7f6a.php 第 83 行.
NOTIC: [8] Undefined index: me_parentID D:\PHP-webapp\freeBicycle\Application\Runtime\Cache\Home\b7d3977186b0d4a0bcf5c7c8743e7f6a.php 第 83 行.
NOTIC: [8] Undefined index: me_parentID D:\PHP-webapp\freeBicycle\Application\Runtime\Cache\Home\b7d3977186b0d4a0bcf5c7c8743e7f6a.php 第 83 行.
NOTIC: [8] Undefined index: me_parentID D:\PHP-webapp\freeBicycle\Application\Runtime\Cache\Home\b7d3977186b0d4a0bcf5c7c8743e7f6a.php 第 83 行.
NOTIC: [8] Undefined index: me_parentID D:\PHP-webapp\freeBicycle\Application\Runtime\Cache\Home\b7d3977186b0d4a0bcf5c7c8743e7f6a.php 第 83 行.
NOTIC: [8] Undefined index: me_parentID D:\PHP-webapp\freeBicycle\Application\Runtime\Cache\Home\b7d3977186b0d4a0bcf5c7c8743e7f6a.php 第 83 行.
NOTIC: [8] Undefined index: me_parentID D:\PHP-webapp\freeBicycle\Application\Runtime\Cache\Home\b7d3977186b0d4a0bcf5c7c8743e7f6a.php 第 83 行.
NOTIC: [8] Undefined index: me_parentID D:\PHP-webapp\freeBicycle\Application\Runtime\Cache\Home\b7d3977186b0d4a0bcf5c7c8743e7f6a.php 第 83 行.
INFO: Run Behavior\ParseTemplateBehavior [ RunTime:0.178010s ]
INFO: [ view_parse ] --END-- [ RunTime:0.179010s ]
INFO: [ view_filter ] --START--
INFO: Run Behavior\WriteHtmlCacheBehavior [ RunTime:0.001000s ]
INFO: [ view_filter ] --END-- [ RunTime:0.003000s ]
INFO: [ app_end ] --START--
INFO: Run Behavior\ShowPageTraceBehavior [ RunTime:0.001000s ]
INFO: [ app_end ] --END-- [ RunTime:0.002000s ]

[ 2017-05-04T17:51:50+08:00 ] ::1 /freeBicycle/index.php/Home/Xujie/login
INFO: [ app_init ] --START--
INFO: Run Behavior\BuildLiteBehavior [ RunTime:0.000000s ]
INFO: [ app_init ] --END-- [ RunTime:0.002001s ]
INFO: [ app_begin ] --START--
INFO: Run Behavior\ReadHtmlCacheBehavior [ RunTime:0.001000s ]
INFO: [ app_begin ] --END-- [ RunTime:0.003000s ]
SQL: SHOW COLUMNS FROM `tb_admin` [ RunTime:0.0020s ]
SQL: SELECT * FROM `tb_admin` WHERE ( ad_account=1001 )  [ RunTime:0.0000s ]
SQL: SHOW COLUMNS FROM `tb_admin` [ RunTime:0.0030s ]
SQL: SELECT m.* FROM tb_admin ad,tb_menus m,tb_jurisdiction j WHERE ( ad.ad_id=j.ad_id and j.me_id=m.me_id and j.ad_id=1 )  [ RunTime:0.0000s ]
INFO: [ view_parse ] --START--
NOTIC: [8] Undefined index: item D:\PHP-webapp\freeBicycle\ThinkPHP\Library\Think\Template\TagLib\Cx.class.php 第 113 行.
INFO: [ template_filter ] --START--
INFO: Run Behavior\ContentReplaceBehavior [ RunTime:0.001000s ]
INFO: [ template_filter ] --END-- [ RunTime:0.004001s ]

[ 2017-05-04T17:55:38+08:00 ] ::1 /freeBicycle/index.php/Home/Xujie/login
INFO: [ app_init ] --START--
INFO: Run Behavior\BuildLiteBehavior [ RunTime:0.000000s ]
INFO: [ app_init ] --END-- [ RunTime:0.003000s ]
INFO: [ app_begin ] --START--
INFO: Run Behavior\ReadHtmlCacheBehavior [ RunTime:0.001000s ]
INFO: [ app_begin ] --END-- [ RunTime:0.002000s ]
SQL: SHOW COLUMNS FROM `tb_admin` [ RunTime:0.0020s ]
SQL: SELECT * FROM `tb_admin` WHERE ( ad_account=1001 )  [ RunTime:0.0010s ]
SQL: SHOW COLUMNS FROM `tb_admin` [ RunTime:0.0020s ]
SQL: SELECT m.* FROM tb_admin ad,tb_menus m,tb_jurisdiction j WHERE ( ad.ad_id=j.ad_id and j.me_id=m.me_id and j.ad_id=1 )  [ RunTime:0.0010s ]
INFO: [ view_parse ] --START--
INFO: [ template_filter ] --START--
INFO: Run Behavior\ContentReplaceBehavior [ RunTime:0.000000s ]
INFO: [ template_filter ] --END-- [ RunTime:0.003000s ]
INFO: Run Behavior\ParseTemplateBehavior [ RunTime:0.072004s ]
INFO: [ view_parse ] --END-- [ RunTime:0.073004s ]
INFO: [ view_filter ] --START--
INFO: Run Behavior\WriteHtmlCacheBehavior [ RunTime:0.001000s ]
INFO: [ view_filter ] --END-- [ RunTime:0.002000s ]
INFO: [ app_end ] --START--
INFO: Run Behavior\ShowPageTraceBehavior [ RunTime:0.002001s ]
INFO: [ app_end ] --END-- [ RunTime:0.005001s ]

[ 2017-05-04T17:56:04+08:00 ] ::1 /freeBicycle/index.php/Home/Xujie/login
INFO: [ app_init ] --START--
INFO: Run Behavior\BuildLiteBehavior [ RunTime:0.000000s ]
INFO: [ app_init ] --END-- [ RunTime:0.003000s ]
INFO: [ app_begin ] --START--
INFO: Run Behavior\ReadHtmlCacheBehavior [ RunTime:0.001000s ]
INFO: [ app_begin ] --END-- [ RunTime:0.003000s ]
SQL: SHOW COLUMNS FROM `tb_admin` [ RunTime:0.0010s ]
SQL: SELECT * FROM `tb_admin` WHERE ( ad_account=1001 )  [ RunTime:0.0000s ]
SQL: SHOW COLUMNS FROM `tb_admin` [ RunTime:0.0020s ]
SQL: SELECT m.* FROM tb_admin ad,tb_menus m,tb_jurisdiction j WHERE ( ad.ad_id=j.ad_id and j.me_id=m.me_id and j.ad_id=1 )  [ RunTime:0.0010s ]
INFO: [ view_parse ] --START--
INFO: [ template_filter ] --START--
INFO: Run Behavior\ContentReplaceBehavior [ RunTime:0.001000s ]
INFO: [ template_filter ] --END-- [ RunTime:0.002000s ]
INFO: Run Behavior\ParseTemplateBehavior [ RunTime:0.075004s ]
INFO: [ view_parse ] --END-- [ RunTime:0.077004s ]
INFO: [ view_filter ] --START--
INFO: Run Behavior\WriteHtmlCacheBehavior [ RunTime:0.003000s ]
INFO: [ view_filter ] --END-- [ RunTime:0.004000s ]
INFO: [ app_end ] --START--
INFO: Run Behavior\ShowPageTraceBehavior [ RunTime:0.002000s ]
INFO: [ app_end ] --END-- [ RunTime:0.004000s ]

[ 2017-05-04T17:58:11+08:00 ] ::1 /freeBicycle/index.php/Home/Xujie/login
INFO: [ app_init ] --START--
INFO: Run Behavior\BuildLiteBehavior [ RunTime:0.000000s ]
INFO: [ app_init ] --END-- [ RunTime:0.003000s ]
INFO: [ app_begin ] --START--
INFO: Run Behavior\ReadHtmlCacheBehavior [ RunTime:0.001000s ]
INFO: [ app_begin ] --END-- [ RunTime:0.002000s ]
SQL: SHOW COLUMNS FROM `tb_admin` [ RunTime:0.0020s ]
SQL: SELECT * FROM `tb_admin` WHERE ( ad_account=1001 )  [ RunTime:0.0000s ]
SQL: SHOW COLUMNS FROM `tb_admin` [ RunTime:0.0020s ]
SQL: SELECT m.* FROM tb_admin ad,tb_menus m,tb_jurisdiction j WHERE ( ad.ad_id=j.ad_id and j.me_id=m.me_id and j.ad_id=1 )  [ RunTime:0.0010s ]
INFO: [ view_parse ] --START--
INFO: [ template_filter ] --START--
INFO: Run Behavior\ContentReplaceBehavior [ RunTime:0.001001s ]
INFO: [ template_filter ] --END-- [ RunTime:0.003001s ]
INFO: Run Behavior\ParseTemplateBehavior [ RunTime:0.081005s ]
INFO: [ view_parse ] --END-- [ RunTime:0.083005s ]
INFO: [ view_filter ] --START--
INFO: Run Behavior\WriteHtmlCacheBehavior [ RunTime:0.001000s ]
INFO: [ view_filter ] --END-- [ RunTime:0.003000s ]
INFO: [ app_end ] --START--
INFO: Run Behavior\ShowPageTraceBehavior [ RunTime:0.001000s ]
INFO: [ app_end ] --END-- [ RunTime:0.003000s ]

[ 2017-05-04T17:58:14+08:00 ] ::1 /freeBicycle/index.php/Home/Xujie/login
INFO: [ app_init ] --START--
INFO: Run Behavior\BuildLiteBehavior [ RunTime:0.000000s ]
INFO: [ app_init ] --END-- [ RunTime:0.002000s ]
INFO: [ app_begin ] --START--
INFO: Run Behavior\ReadHtmlCacheBehavior [ RunTime:0.002000s ]
INFO: [ app_begin ] --END-- [ RunTime:0.002000s ]
SQL: SHOW COLUMNS FROM `tb_admin` [ RunTime:0.0010s ]
ERR: 参数错误或者未定义:ad_account

[ 2017-05-04T17:58:28+08:00 ] ::1 /freeBicycle/index.php/Home/Xujie/login
INFO: [ app_init ] --START--
INFO: Run Behavior\BuildLiteBehavior [ RunTime:0.000000s ]
INFO: [ app_init ] --END-- [ RunTime:0.002000s ]
INFO: [ app_begin ] --START--
INFO: Run Behavior\ReadHtmlCacheBehavior [ RunTime:0.001000s ]
INFO: [ app_begin ] --END-- [ RunTime:0.002000s ]
SQL: SHOW COLUMNS FROM `tb_admin` [ RunTime:0.0010s ]
SQL: SELECT * FROM `tb_admin` WHERE ( ad_account=1001 )  [ RunTime:0.0010s ]
SQL: SHOW COLUMNS FROM `tb_admin` [ RunTime:0.0010s ]
SQL: SELECT m.* FROM tb_admin ad,tb_menus m,tb_jurisdiction j WHERE ( ad.ad_id=j.ad_id and j.me_id=m.me_id and j.ad_id=1 )  [ RunTime:0.0000s ]
INFO: [ view_parse ] --START--
INFO: [ template_filter ] --START--
INFO: Run Behavior\ContentReplaceBehavior [ RunTime:0.001000s ]
INFO: [ template_filter ] --END-- [ RunTime:0.002000s ]
INFO: Run Behavior\ParseTemplateBehavior [ RunTime:0.068004s ]
INFO: [ view_parse ] --END-- [ RunTime:0.069004s ]
INFO: [ view_filter ] --START--
INFO: Run Behavior\WriteHtmlCacheBehavior [ RunTime:0.001000s ]
INFO: [ view_filter ] --END-- [ RunTime:0.003000s ]
INFO: [ app_end ] --START--
INFO: Run Behavior\ShowPageTraceBehavior [ RunTime:0.001000s ]
INFO: [ app_end ] --END-- [ RunTime:0.003000s ]

[ 2017-05-04T17:59:00+08:00 ] ::1 /freeBicycle/index.php/Home/Xujie/login
INFO: [ app_init ] --START--
INFO: Run Behavior\BuildLiteBehavior [ RunTime:0.000000s ]
INFO: [ app_init ] --END-- [ RunTime:0.002000s ]
INFO: [ app_begin ] --START--
INFO: Run Behavior\ReadHtmlCacheBehavior [ RunTime:0.001000s ]
INFO: [ app_begin ] --END-- [ RunTime:0.002000s ]
SQL: SHOW COLUMNS FROM `tb_admin` [ RunTime:0.0010s ]
SQL: SELECT * FROM `tb_admin` WHERE ( ad_account=1001 )  [ RunTime:0.0000s ]
SQL: SHOW COLUMNS FROM `tb_admin` [ RunTime:0.0010s ]
SQL: SELECT m.* FROM tb_admin ad,tb_menus m,tb_jurisdiction j WHERE ( ad.ad_id=j.ad_id and j.me_id=m.me_id and j.ad_id=1 )  [ RunTime:0.0000s ]
INFO: [ view_parse ] --START--
INFO: [ template_filter ] --START--
INFO: Run Behavior\ContentReplaceBehavior [ RunTime:0.001001s ]
INFO: [ template_filter ] --END-- [ RunTime:0.002001s ]
INFO: Run Behavior\ParseTemplateBehavior [ RunTime:0.066004s ]
INFO: [ view_parse ] --END-- [ RunTime:0.068004s ]
INFO: [ view_filter ] --START--
INFO: Run Behavior\WriteHtmlCacheBehavior [ RunTime:0.001000s ]
INFO: [ view_filter ] --END-- [ RunTime:0.002000s ]
INFO: [ app_end ] --START--
INFO: Run Behavior\ShowPageTraceBehavior [ RunTime:0.001000s ]
INFO: [ app_end ] --END-- [ RunTime:0.003000s ]

[ 2017-05-04T17:59:28+08:00 ] ::1 /freeBicycle/index.php/Home/Xujie/login
INFO: [ app_init ] --START--
INFO: Run Behavior\BuildLiteBehavior [ RunTime:0.000000s ]
INFO: [ app_init ] --END-- [ RunTime:0.002000s ]
INFO: [ app_begin ] --START--
INFO: Run Behavior\ReadHtmlCacheBehavior [ RunTime:0.001000s ]
INFO: [ app_begin ] --END-- [ RunTime:0.003000s ]
SQL: SHOW COLUMNS FROM `tb_admin` [ RunTime:0.0020s ]
SQL: SELECT * FROM `tb_admin` WHERE ( ad_account=1001 )  [ RunTime:0.0000s ]
SQL: SHOW COLUMNS FROM `tb_admin` [ RunTime:0.0020s ]
SQL: SELECT m.* FROM tb_admin ad,tb_menus m,tb_jurisdiction j WHERE ( ad.ad_id=j.ad_id and j.me_id=m.me_id and j.ad_id=1 )  [ RunTime:0.0000s ]
INFO: [ view_parse ] --START--
INFO: [ template_filter ] --START--
INFO: Run Behavior\ContentReplaceBehavior [ RunTime:0.001000s ]
INFO: [ template_filter ] --END-- [ RunTime:0.003000s ]
INFO: Run Behavior\ParseTemplateBehavior [ RunTime:0.077004s ]
INFO: [ view_parse ] --END-- [ RunTime:0.078004s ]
INFO: [ view_filter ] --START--
INFO: Run Behavior\WriteHtmlCacheBehavior [ RunTime:0.001000s ]
INFO: [ view_filter ] --END-- [ RunTime:0.003001s ]
INFO: [ app_end ] --START--
INFO: Run Behavior\ShowPageTraceBehavior [ RunTime:0.002000s ]
INFO: [ app_end ] --END-- [ RunTime:0.005000s ]

[ 2017-05-04T18:02:10+08:00 ] ::1 /freeBicycle/index.php/Home/Xujie/login
INFO: [ app_init ] --START--
INFO: Run Behavior\BuildLiteBehavior [ RunTime:0.000000s ]
INFO: [ app_init ] --END-- [ RunTime:0.003000s ]
INFO: [ app_begin ] --START--
INFO: Run Behavior\ReadHtmlCacheBehavior [ RunTime:0.001001s ]
INFO: [ app_begin ] --END-- [ RunTime:0.002001s ]
SQL: SHOW COLUMNS FROM `tb_admin` [ RunTime:0.0010s ]
SQL: SELECT * FROM `tb_admin` WHERE ( ad_account=1001 )  [ RunTime:0.0000s ]
SQL: SHOW COLUMNS FROM `tb_admin` [ RunTime:0.0010s ]
SQL: SELECT m.* FROM tb_admin ad,tb_menus m,tb_jurisdiction j WHERE ( ad.ad_id=j.ad_id and j.me_id=m.me_id and j.ad_id=1 )  [ RunTime:0.0000s ]
INFO: [ view_parse ] --START--
INFO: [ template_filter ] --START--
INFO: Run Behavior\ContentReplaceBehavior [ RunTime:0.000000s ]
INFO: [ template_filter ] --END-- [ RunTime:0.002000s ]
INFO: Run Behavior\ParseTemplateBehavior [ RunTime:0.071004s ]
INFO: [ view_parse ] --END-- [ RunTime:0.072005s ]
INFO: [ view_filter ] --START--
INFO: Run Behavior\WriteHtmlCacheBehavior [ RunTime:0.001000s ]
INFO: [ view_filter ] --END-- [ RunTime:0.002000s ]
INFO: [ app_end ] --START--
INFO: Run Behavior\ShowPageTraceBehavior [ RunTime:0.001000s ]
INFO: [ app_end ] --END-- [ RunTime:0.003000s ]

[ 2017-05-04T18:03:18+08:00 ] ::1 /freeBicycle/index.php/Home/BicycleListYRB/BicycleList
INFO: [ app_init ] --START--
INFO: Run Behavior\BuildLiteBehavior [ RunTime:0.001000s ]
INFO: [ app_init ] --END-- [ RunTime:0.004000s ]
INFO: [ app_begin ] --START--
INFO: Run Behavior\ReadHtmlCacheBehavior [ RunTime:0.001001s ]
INFO: [ app_begin ] --END-- [ RunTime:0.004001s ]
NOTIC: [8] Use of undefined constant tb_bicycle - assumed 'tb_bicycle' D:\PHP-webapp\freeBicycle\Application\Home\Controller\BicycleListYRBController.class.php 第 9 行.
SQL: SHOW COLUMNS FROM `tb_bicycle` [ RunTime:0.0020s ]
ERR: 非法操作:BicycleList
NOTIC: [2] Cannot modify header information - headers already sent by (output started at D:\PHP-webapp\freeBicycle\ThinkPHP\Library\Think\App.class.php:124) D:\PHP-webapp\freeBicycle\ThinkPHP\Library\Think\Think.class.php 第 229 行.
NOTIC: [2] Cannot modify header information - headers already sent by (output started at D:\PHP-webapp\freeBicycle\ThinkPHP\Library\Think\App.class.php:124) D:\PHP-webapp\freeBicycle\ThinkPHP\Library\Think\Think.class.php 第 230 行.

[ 2017-05-04T18:03:58+08:00 ] ::1 /freeBicycle/index.php/Home/Xujie/scheduleListView.php?searchDate=2017-5-4
INFO: [ app_init ] --START--
INFO: Run Behavior\BuildLiteBehavior [ RunTime:0.001001s ]
INFO: [ app_init ] --END-- [ RunTime:0.005001s ]
INFO: [ app_begin ] --START--
INFO: Run Behavior\ReadHtmlCacheBehavior [ RunTime:0.002000s ]
INFO: [ app_begin ] --END-- [ RunTime:0.004000s ]
SQL: SHOW COLUMNS FROM `tb_admin` [ RunTime:0.0020s ]
ERR: 非法操作:scheduleListView.php
NOTIC: [2] Cannot modify header information - headers already sent by (output started at D:\PHP-webapp\freeBicycle\ThinkPHP\Library\Think\App.class.php:121) D:\PHP-webapp\freeBicycle\ThinkPHP\Library\Think\Think.class.php 第 229 行.
NOTIC: [2] Cannot modify header information - headers already sent by (output started at D:\PHP-webapp\freeBicycle\ThinkPHP\Library\Think\App.class.php:121) D:\PHP-webapp\freeBicycle\ThinkPHP\Library\Think\Think.class.php 第 230 行.

