[ 2017-05-12T15:34:02+08:00 ] ::1 /freeBicycle/index.php/Home/Xujie/login
INFO: [ app_init ] --START--
INFO: Run Behavior\BuildLiteBehavior [ RunTime:0.000000s ]
INFO: [ app_init ] --END-- [ RunTime:0.003000s ]
INFO: [ app_begin ] --START--
INFO: Run Behavior\ReadHtmlCacheBehavior [ RunTime:0.001001s ]
INFO: [ app_begin ] --END-- [ RunTime:0.003001s ]
SQL: SHOW COLUMNS FROM `tb_admin` [ RunTime:0.0280s ]
SQL: SELECT * FROM `tb_admin` WHERE ( ad_account=1001 )  [ RunTime:0.0010s ]
SQL: SHOW COLUMNS FROM `tb_admin` [ RunTime:0.0020s ]
SQL: SELECT m.* FROM tb_admin ad,tb_menus m,tb_jurisdiction j WHERE ( ad.ad_id=j.ad_id and j.me_id=m.me_id and j.ad_id=1 )  [ RunTime:0.0030s ]
INFO: [ view_parse ] --START--
INFO: [ template_filter ] --START--
INFO: Run Behavior\ContentReplaceBehavior [ RunTime:0.001000s ]
INFO: [ template_filter ] --END-- [ RunTime:0.002000s ]
INFO: Run Behavior\ParseTemplateBehavior [ RunTime:0.079005s ]
INFO: [ view_parse ] --END-- [ RunTime:0.081005s ]
INFO: [ view_filter ] --START--
INFO: Run Behavior\WriteHtmlCacheBehavior [ RunTime:0.001000s ]
INFO: [ view_filter ] --END-- [ RunTime:0.004000s ]
INFO: [ app_end ] --START--
INFO: Run Behavior\ShowPageTraceBehavior [ RunTime:0.002000s ]
INFO: [ app_end ] --END-- [ RunTime:0.004000s ]

[ 2017-05-12T15:34:37+08:00 ] ::1 /freeBicycle/index.php/Home/BicycleJourneyZJ/loadTerraceList
INFO: [ app_init ] --START--
INFO: Run Behavior\BuildLiteBehavior [ RunTime:0.000000s ]
INFO: [ app_init ] --END-- [ RunTime:0.004000s ]
INFO: [ app_begin ] --START--
INFO: Run Behavior\ReadHtmlCacheBehavior [ RunTime:0.001000s ]
INFO: [ app_begin ] --END-- [ RunTime:0.002000s ]
SQL: SHOW COLUMNS FROM `tb_bicycle` [ RunTime:0.0140s ]
SQL: SHOW COLUMNS FROM `tb_terrace` [ RunTime:0.0050s ]
SQL: SELECT COUNT(*) AS tp_count FROM `tb_terrace` LIMIT 1   [ RunTime:0.0010s ]
SQL: SHOW COLUMNS FROM `tb_terrace` [ RunTime:0.0030s ]
SQL: SELECT `ter_id`,`ter_name`,`ter_address`,`ter_person`,`ter_phone` FROM `tb_terrace` LIMIT 0,10   [ RunTime:0.0000s ]
INFO: [ view_parse ] --START--
INFO: [ template_filter ] --START--
INFO: Run Behavior\ContentReplaceBehavior [ RunTime:0.001000s ]
INFO: [ template_filter ] --END-- [ RunTime:0.002000s ]
INFO: Run Behavior\ParseTemplateBehavior [ RunTime:0.047003s ]
INFO: [ view_parse ] --END-- [ RunTime:0.049003s ]
INFO: [ view_filter ] --START--
INFO: Run Behavior\WriteHtmlCacheBehavior [ RunTime:0.001000s ]
INFO: [ view_filter ] --END-- [ RunTime:0.003000s ]
INFO: [ app_end ] --START--
INFO: Run Behavior\ShowPageTraceBehavior [ RunTime:0.005000s ]
INFO: [ app_end ] --END-- [ RunTime:0.008001s ]

[ 2017-05-12T15:34:37+08:00 ] ::1 /freeBicycle/index.php/Home/BicycleJourneyZJ/loadBicycleTerrace
INFO: [ app_init ] --START--
INFO: Run Behavior\BuildLiteBehavior [ RunTime:0.000000s ]
INFO: [ app_init ] --END-- [ RunTime:0.003000s ]
INFO: [ app_begin ] --START--
INFO: Run Behavior\ReadHtmlCacheBehavior [ RunTime:0.003000s ]
INFO: [ app_begin ] --END-- [ RunTime:0.003000s ]
SQL: SHOW COLUMNS FROM `tb_bicycle` [ RunTime:0.0040s ]
SQL: SHOW COLUMNS FROM `tb_terrace` [ RunTime:0.0030s ]
SQL: SELECT * FROM `tb_terrace`  [ RunTime:0.0010s ]

[ 2017-05-12T15:34:42+08:00 ] ::1 /freeBicycle/index.php/Home/BicycleJourneyZJ/loadTerraceList
INFO: [ app_init ] --START--
INFO: Run Behavior\BuildLiteBehavior [ RunTime:0.001000s ]
INFO: [ app_init ] --END-- [ RunTime:0.002000s ]
INFO: [ app_begin ] --START--
INFO: Run Behavior\ReadHtmlCacheBehavior [ RunTime:0.001000s ]
INFO: [ app_begin ] --END-- [ RunTime:0.002000s ]
SQL: SHOW COLUMNS FROM `tb_bicycle` [ RunTime:0.0020s ]
SQL: SHOW COLUMNS FROM `tb_terrace` [ RunTime:0.0030s ]
SQL: SELECT COUNT(*) AS tp_count FROM `tb_terrace` LIMIT 1   [ RunTime:0.0000s ]
SQL: SHOW COLUMNS FROM `tb_terrace` [ RunTime:0.0030s ]
SQL: SELECT `ter_id`,`ter_name`,`ter_address`,`ter_person`,`ter_phone` FROM `tb_terrace` LIMIT 0,10   [ RunTime:0.0000s ]
INFO: [ view_parse ] --START--
INFO: [ template_filter ] --START--
INFO: Run Behavior\ContentReplaceBehavior [ RunTime:0.001000s ]
INFO: [ template_filter ] --END-- [ RunTime:0.002000s ]
INFO: Run Behavior\ParseTemplateBehavior [ RunTime:0.047003s ]
INFO: [ view_parse ] --END-- [ RunTime:0.049003s ]
INFO: [ view_filter ] --START--
INFO: Run Behavior\WriteHtmlCacheBehavior [ RunTime:0.002000s ]
INFO: [ view_filter ] --END-- [ RunTime:0.003000s ]
INFO: [ app_end ] --START--
INFO: Run Behavior\ShowPageTraceBehavior [ RunTime:0.001000s ]
INFO: [ app_end ] --END-- [ RunTime:0.003000s ]

[ 2017-05-12T15:34:42+08:00 ] ::1 /freeBicycle/index.php/Home/BicycleJourneyZJ/loadBicycleTerrace
INFO: [ app_init ] --START--
INFO: Run Behavior\BuildLiteBehavior [ RunTime:0.001000s ]
INFO: [ app_init ] --END-- [ RunTime:0.002000s ]
INFO: [ app_begin ] --START--
INFO: Run Behavior\ReadHtmlCacheBehavior [ RunTime:0.001000s ]
INFO: [ app_begin ] --END-- [ RunTime:0.002000s ]
SQL: SHOW COLUMNS FROM `tb_bicycle` [ RunTime:0.0020s ]
SQL: SHOW COLUMNS FROM `tb_terrace` [ RunTime:0.0030s ]
SQL: SELECT * FROM `tb_terrace`  [ RunTime:0.0010s ]

[ 2017-05-12T15:38:20+08:00 ] ::1 /freeBicycle/index.php/Home/BicycleListYRB/story
INFO: [ app_init ] --START--
INFO: Run Behavior\BuildLiteBehavior [ RunTime:0.001000s ]
INFO: [ app_init ] --END-- [ RunTime:0.002000s ]
INFO: [ app_begin ] --START--
INFO: Run Behavior\ReadHtmlCacheBehavior [ RunTime:0.001000s ]
INFO: [ app_begin ] --END-- [ RunTime:0.002000s ]
SQL: SHOW COLUMNS FROM `tb_bicycle` [ RunTime:0.0030s ]
INFO: [ view_parse ] --START--
INFO: [ template_filter ] --START--
INFO: Run Behavior\ContentReplaceBehavior [ RunTime:0.001000s ]
INFO: [ template_filter ] --END-- [ RunTime:0.002000s ]
INFO: Run Behavior\ParseTemplateBehavior [ RunTime:0.024001s ]
INFO: [ view_parse ] --END-- [ RunTime:0.026001s ]
INFO: [ view_filter ] --START--
INFO: Run Behavior\WriteHtmlCacheBehavior [ RunTime:0.001000s ]
INFO: [ view_filter ] --END-- [ RunTime:0.004000s ]
NOTIC: [2] Cannot modify header information - headers already sent by (output started at D:\PHP-webapp\freeBicycle\ThinkPHP\Library\Think\App.class.php:124) D:\PHP-webapp\freeBicycle\ThinkPHP\Library\Think\View.class.php 第 91 行.
NOTIC: [2] Cannot modify header information - headers already sent by (output started at D:\PHP-webapp\freeBicycle\ThinkPHP\Library\Think\App.class.php:124) D:\PHP-webapp\freeBicycle\ThinkPHP\Library\Think\View.class.php 第 92 行.
NOTIC: [2] Cannot modify header information - headers already sent by (output started at D:\PHP-webapp\freeBicycle\ThinkPHP\Library\Think\App.class.php:124) D:\PHP-webapp\freeBicycle\ThinkPHP\Library\Think\View.class.php 第 93 行.
INFO: [ app_end ] --START--
INFO: Run Behavior\ShowPageTraceBehavior [ RunTime:0.002000s ]
INFO: [ app_end ] --END-- [ RunTime:0.004000s ]

[ 2017-05-12T15:38:27+08:00 ] ::1 /freeBicycle/index.php/Home/BicycleListYRB/coupon
INFO: [ app_init ] --START--
INFO: Run Behavior\BuildLiteBehavior [ RunTime:0.000000s ]
INFO: [ app_init ] --END-- [ RunTime:0.003001s ]
INFO: [ app_begin ] --START--
INFO: Run Behavior\ReadHtmlCacheBehavior [ RunTime:0.002000s ]
INFO: [ app_begin ] --END-- [ RunTime:0.003000s ]
SQL: SHOW COLUMNS FROM `tb_bicycle` [ RunTime:0.0050s ]
SQL: SHOW COLUMNS FROM `tb_coupon` [ RunTime:0.0150s ]
SQL: SELECT COUNT(*) AS tp_count FROM tb_coupon cou LEFT JOIN tb_terrace te on te.ter_id=cou.ter_id  LIMIT 1   [ RunTime:0.0000s ]
SQL: SHOW COLUMNS FROM `tb_coupon` [ RunTime:0.0030s ]
SQL: SELECT cou.*,te.ter_name as tname FROM tb_coupon cou LEFT JOIN tb_terrace te on te.ter_id=cou.ter_id  LIMIT 0,10   [ RunTime:0.0010s ]
NOTIC: [8] Use of undefined constant coupon - assumed 'coupon' D:\PHP-webapp\freeBicycle\Application\Home\Controller\BicycleListYRBController.class.php 第 308 行.
INFO: [ view_parse ] --START--
INFO: [ template_filter ] --START--
INFO: Run Behavior\ContentReplaceBehavior [ RunTime:0.001000s ]
INFO: [ template_filter ] --END-- [ RunTime:0.003000s ]
INFO: Run Behavior\ParseTemplateBehavior [ RunTime:0.073005s ]
INFO: [ view_parse ] --END-- [ RunTime:0.074005s ]
INFO: [ view_filter ] --START--
INFO: Run Behavior\WriteHtmlCacheBehavior [ RunTime:0.001000s ]
INFO: [ view_filter ] --END-- [ RunTime:0.003000s ]
INFO: [ app_end ] --START--
INFO: Run Behavior\ShowPageTraceBehavior [ RunTime:0.003000s ]
INFO: [ app_end ] --END-- [ RunTime:0.005000s ]

[ 2017-05-12T15:38:27+08:00 ] ::1 /freeBicycle/index.php/Home/BicycleListYRB/activityTerrace
INFO: [ app_init ] --START--
INFO: Run Behavior\BuildLiteBehavior [ RunTime:0.001000s ]
INFO: [ app_init ] --END-- [ RunTime:0.004000s ]
INFO: [ app_begin ] --START--
INFO: Run Behavior\ReadHtmlCacheBehavior [ RunTime:0.002001s ]
INFO: [ app_begin ] --END-- [ RunTime:0.004001s ]
SQL: SHOW COLUMNS FROM `tb_bicycle` [ RunTime:0.0030s ]
SQL: SHOW COLUMNS FROM `tb_terrace` [ RunTime:0.0050s ]
SQL: SELECT * FROM `tb_terrace`  [ RunTime:0.0010s ]

[ 2017-05-12T15:38:28+08:00 ] ::1 /freeBicycle/index.php/Home/BicycleListYRB/story
INFO: [ app_init ] --START--
INFO: Run Behavior\BuildLiteBehavior [ RunTime:0.000000s ]
INFO: [ app_init ] --END-- [ RunTime:0.002000s ]
INFO: [ app_begin ] --START--
INFO: Run Behavior\ReadHtmlCacheBehavior [ RunTime:0.001000s ]
INFO: [ app_begin ] --END-- [ RunTime:0.002001s ]
SQL: SHOW COLUMNS FROM `tb_bicycle` [ RunTime:0.0030s ]
INFO: [ view_parse ] --START--
INFO: [ template_filter ] --START--
INFO: Run Behavior\ContentReplaceBehavior [ RunTime:0.001000s ]
INFO: [ template_filter ] --END-- [ RunTime:0.004000s ]
INFO: Run Behavior\ParseTemplateBehavior [ RunTime:0.023001s ]
INFO: [ view_parse ] --END-- [ RunTime:0.024001s ]
INFO: [ view_filter ] --START--
INFO: Run Behavior\WriteHtmlCacheBehavior [ RunTime:0.001000s ]
INFO: [ view_filter ] --END-- [ RunTime:0.002000s ]
NOTIC: [2] Cannot modify header information - headers already sent by (output started at D:\PHP-webapp\freeBicycle\ThinkPHP\Library\Think\App.class.php:124) D:\PHP-webapp\freeBicycle\ThinkPHP\Library\Think\View.class.php 第 91 行.
NOTIC: [2] Cannot modify header information - headers already sent by (output started at D:\PHP-webapp\freeBicycle\ThinkPHP\Library\Think\App.class.php:124) D:\PHP-webapp\freeBicycle\ThinkPHP\Library\Think\View.class.php 第 92 行.
NOTIC: [2] Cannot modify header information - headers already sent by (output started at D:\PHP-webapp\freeBicycle\ThinkPHP\Library\Think\App.class.php:124) D:\PHP-webapp\freeBicycle\ThinkPHP\Library\Think\View.class.php 第 93 行.
INFO: [ app_end ] --START--
INFO: Run Behavior\ShowPageTraceBehavior [ RunTime:0.002001s ]
INFO: [ app_end ] --END-- [ RunTime:0.003001s ]

[ 2017-05-12T15:39:04+08:00 ] ::1 /freeBicycle/index.php/Home/BicycleJourneyZJ/loadPledgeList
INFO: [ app_init ] --START--
INFO: Run Behavior\BuildLiteBehavior [ RunTime:0.000000s ]
INFO: [ app_init ] --END-- [ RunTime:0.002000s ]
INFO: [ app_begin ] --START--
INFO: Run Behavior\ReadHtmlCacheBehavior [ RunTime:0.001000s ]
INFO: [ app_begin ] --END-- [ RunTime:0.002000s ]
SQL: SHOW COLUMNS FROM `tb_bicycle` [ RunTime:0.0020s ]
SQL: SHOW COLUMNS FROM `tb_pledge` [ RunTime:0.0160s ]
SQL: SELECT COUNT(*) AS tp_count FROM `tb_pledge` LIMIT 1   [ RunTime:0.0000s ]
SQL: SHOW COLUMNS FROM `tb_pledge` [ RunTime:0.0030s ]
SQL: SELECT pl.pl_id,pl.pl_no,u.u_account,pl.pl_money,pl.pl_time FROM tb_pledge pl,tb_user u WHERE ( pl.u_id=u.u_id ) LIMIT 0,10   [ RunTime:0.0100s ]
INFO: [ view_parse ] --START--
INFO: [ template_filter ] --START--
INFO: Run Behavior\ContentReplaceBehavior [ RunTime:0.001000s ]
INFO: [ template_filter ] --END-- [ RunTime:0.002000s ]
NOTIC: [8] Undefined index: searchUser D:\PHP-webapp\freeBicycle\Application\Runtime\Cache\Home\8ba6f7070f791fc36775365d28184e82.php 第 196 行.
NOTIC: [8] Undefined index: searchNo D:\PHP-webapp\freeBicycle\Application\Runtime\Cache\Home\8ba6f7070f791fc36775365d28184e82.php 第 197 行.
INFO: Run Behavior\ParseTemplateBehavior [ RunTime:0.054003s ]
INFO: [ view_parse ] --END-- [ RunTime:0.056004s ]
INFO: [ view_filter ] --START--
INFO: Run Behavior\WriteHtmlCacheBehavior [ RunTime:0.001000s ]
INFO: [ view_filter ] --END-- [ RunTime:0.002000s ]
INFO: [ app_end ] --START--
INFO: Run Behavior\ShowPageTraceBehavior [ RunTime:0.001000s ]
INFO: [ app_end ] --END-- [ RunTime:0.003000s ]

[ 2017-05-12T15:39:10+08:00 ] ::1 /freeBicycle/index.php/Home/BicycleListYRB/BicycleList
INFO: [ app_init ] --START--
INFO: Run Behavior\BuildLiteBehavior [ RunTime:0.000000s ]
INFO: [ app_init ] --END-- [ RunTime:0.002000s ]
INFO: [ app_begin ] --START--
INFO: Run Behavior\ReadHtmlCacheBehavior [ RunTime:0.001000s ]
INFO: [ app_begin ] --END-- [ RunTime:0.003001s ]
SQL: SHOW COLUMNS FROM `tb_bicycle` [ RunTime:0.0020s ]
SQL: SELECT COUNT(*) AS tp_count FROM `tb_bicycle` LIMIT 1   [ RunTime:0.0000s ]
SQL: SHOW COLUMNS FROM `tb_bicycle` [ RunTime:0.0030s ]
SQL: SELECT b.bi_id as id,b.bi_no as no,b.bi_model as model,b.bi_putTime as time,b.bi_NumOfUse as num,b.bi_journey as journey,bs.bs_name as name,r.re_begin as begin,r.re_end as end,u.u_account as account,b.bi_useState as state,b.bi_scrap as scrap FROM tb_bicycle b LEFT JOIN tb_bicycle_state bs on b.bs_id=bs.bs_id LEFT JOIN tb_rent r on b.re_id=r.re_id LEFT JOIN tb_user u on r.u_id=u.u_id  LIMIT 0,10   [ RunTime:0.0170s ]
NOTIC: [8] Use of undefined constant bicycleList - assumed 'bicycleList' D:\PHP-webapp\freeBicycle\Application\Home\Controller\BicycleListYRBController.class.php 第 34 行.
INFO: [ view_parse ] --START--
INFO: [ template_filter ] --START--
INFO: Run Behavior\ContentReplaceBehavior [ RunTime:0.000000s ]
INFO: [ template_filter ] --END-- [ RunTime:0.002000s ]
NOTIC: [8] Undefined index: suser D:\PHP-webapp\freeBicycle\Application\Runtime\Cache\Home\d8c0b05baf464cffd82c24b450c19f81.php 第 146 行.
NOTIC: [8] Undefined index: sno D:\PHP-webapp\freeBicycle\Application\Runtime\Cache\Home\d8c0b05baf464cffd82c24b450c19f81.php 第 147 行.
NOTIC: [8] Undefined index: smodel D:\PHP-webapp\freeBicycle\Application\Runtime\Cache\Home\d8c0b05baf464cffd82c24b450c19f81.php 第 148 行.
NOTIC: [8] Undefined index: sstate D:\PHP-webapp\freeBicycle\Application\Runtime\Cache\Home\d8c0b05baf464cffd82c24b450c19f81.php 第 149 行.
INFO: Run Behavior\ParseTemplateBehavior [ RunTime:0.078004s ]
INFO: [ view_parse ] --END-- [ RunTime:0.079004s ]
INFO: [ view_filter ] --START--
INFO: Run Behavior\WriteHtmlCacheBehavior [ RunTime:0.001000s ]
INFO: [ view_filter ] --END-- [ RunTime:0.002000s ]
INFO: [ app_end ] --START--
INFO: Run Behavior\ShowPageTraceBehavior [ RunTime:0.002000s ]
INFO: [ app_end ] --END-- [ RunTime:0.005000s ]

